-------------------------------------------------------------------------------
Test set: [MusicLab-API] Post Feature Review #1
-------------------------------------------------------------------------------
Tests run: 1, Failures: 0, Errors: 1, Skipped: 0, Time elapsed: 0.029 s <<< FAILURE! - in [MusicLab-API] Post Feature Review #1
[MusicLab-API] Post Feature Review #1.[Positive Case] Post Create Review With Valid JSON  Time elapsed: 0.029 s  <<< ERROR!
java.lang.RuntimeException: Some exception during recording fields
Caused by: java.io.FileNotFoundException: D:\Alterra\Automation\API\MusicLab-QE-APITesting\src\test\resources\features\JSON\ReqBody\ReviewPostCreateReviewinMentorValidData.json.json (The system cannot find the file specified)

