-------------------------------------------------------------------------------
Test set: MusicLab API Automation Testing Capstone Project #1
-------------------------------------------------------------------------------
Tests run: 10, Failures: 1, Errors: 1, Skipped: 0, Time elapsed: 6.2 s <<< FAILURE! - in MusicLab API Automation Testing Capstone Project #1
MusicLab API Automation Testing Capstone Project #1.Get all class by ID Mentor valid  Time elapsed: 0.034 s  <<< ERROR!
java.lang.IllegalArgumentException: Invalid number of path parameters. Expected 2, was 0. Undefined path parameters are: mentor_id, id.

MusicLab API Automation Testing Capstone Project #1.Delete a class  Time elapsed: 0.43 s  <<< FAILURE!
java.lang.AssertionError: 
1 expectation failed.
Expected status code <200> but was <404>.


