-------------------------------------------------------------------------------
Test set: Music Lab API Automation Testing #4
-------------------------------------------------------------------------------
Tests run: 4, Failures: 1, Errors: 0, Skipped: 0, Time elapsed: 1.527 s <<< FAILURE! - in Music Lab API Automation Testing #4
Music Lab API Automation Testing #4.Post add mentor schedule availability with valid json  Time elapsed: 0.501 s  <<< FAILURE!
java.lang.AssertionError: 
1 expectation failed.
Expected status code <201> but was <500>.


