-------------------------------------------------------------------------------
Test set: Music Lab API Automation Testing #3
-------------------------------------------------------------------------------
Tests run: 4, Failures: 3, Errors: 1, Skipped: 0, Time elapsed: 2.213 s <<< FAILURE! - in Music Lab API Automation Testing #3
Music Lab API Automation Testing #3.Post add mentor schedule with valid json  Time elapsed: 0.736 s  <<< FAILURE!
java.lang.AssertionError: 
1 expectation failed.
JSON path message doesn't match.
Expected: message: success post a schedule
  Actual: success post a schedule


Music Lab API Automation Testing #3.Post add mentor schedule availability with valid json no authorization  Time elapsed: 0.519 s  <<< FAILURE!
java.lang.AssertionError: 
1 expectation failed.
JSON path message doesn't match.
Expected: message: missing or malformed jwt
  Actual: missing or malformed jwt


Music Lab API Automation Testing #3.Post add mentor schedule with invalid json  Time elapsed: 0.822 s  <<< FAILURE!
java.lang.AssertionError: 
1 expectation failed.
Expected status code <400> but was <500>.


Music Lab API Automation Testing #3.Post add mentor schedule with empty json  Time elapsed: 0.11 s  <<< ERROR!
java.lang.RuntimeException: Some exception during recording fields
Caused by: java.io.FileNotFoundException: F:\AA_DOWNLOAD\CAPSTONE_PROJECT_API\MusicLab-QE-APITesting\src\test\resources\features\JSON\ReqBody\Schedule\PostAddMentorScheduleWithEmptyJsonJsonReqBody.json (The system cannot find the file specified)

