-------------------------------------------------------------------------------
Test set: Music Lab API Automation Testing #4
-------------------------------------------------------------------------------
Tests run: 4, Failures: 2, Errors: 0, Skipped: 0, Time elapsed: 2.075 s <<< FAILURE! - in Music Lab API Automation Testing #4
Music Lab API Automation Testing #4.Post add mentor schedule availability with valid json  Time elapsed: 0.791 s  <<< FAILURE!
java.lang.AssertionError: 
1 expectation failed.
Expected status code <201> but was <500>.


Music Lab API Automation Testing #4.Post add mentor schedule availability with valid json no authorization  Time elapsed: 0.493 s  <<< FAILURE!
java.lang.AssertionError: 
1 expectation failed.
JSON path message doesn't match.
Expected: message: missing or malformed jwt
  Actual: missing or malformed jwt


