-------------------------------------------------------------------------------
Test set: Music Lab API Automation Testing #2
-------------------------------------------------------------------------------
Tests run: 6, Failures: 4, Errors: 0, Skipped: 0, Time elapsed: 3.37 s <<< FAILURE! - in Music Lab API Automation Testing #2
Music Lab API Automation Testing #2.Get mentor schedule with valid id #1  Time elapsed: 0.525 s  <<< FAILURE!
java.lang.AssertionError: 
1 expectation failed.
Expected status code <200> but was <201>.


Music Lab API Automation Testing #2.Get mentor schedule with valid id #2  Time elapsed: 0.494 s  <<< FAILURE!
java.lang.AssertionError: 
1 expectation failed.
Expected status code <200> but was <201>.


Music Lab API Automation Testing #2.Get mentor schedule with invalid id #1  Time elapsed: 0.648 s  <<< FAILURE!
java.lang.AssertionError: 
1 expectation failed.
Expected status code <404> but was <400>.


Music Lab API Automation Testing #2.Get mentor schedule with invalid id #2  Time elapsed: 0.42 s  <<< FAILURE!
java.lang.AssertionError: 
1 expectation failed.
Expected status code <404> but was <400>.


