<?xml version="1.0" encoding="UTF-8"?>
<testsuite xmlns:xsi="http://www.w3.org/2001/XMLSchema-instance" xsi:noNamespaceSchemaLocation="https://maven.apache.org/surefire/maven-failsafe-plugin/xsd/failsafe-test-report-3.0.xsd" version="3.0" name="[MusicLab-API] Put Feature Mentors #2" time="1.777" tests="1" errors="0" skipped="0" failures="1">
  <properties>
[...]
</properties>
  <testcase name="[Positive Case] Put Update Mentors Password With Valid JSON" classname="[MusicLab-API] Put Feature Mentors #2" time="1.777">
    <failure message="1 expectation failed.&#10;Expected status code &lt;200&gt; but was &lt;400&gt;.&#10;" type="java.lang.AssertionError"><![CDATA[java.lang.AssertionError: 
1 expectation failed.
Expected status code <200> but was <400>.

]]></failure>
    <system-out><![CDATA[

&amp#27;[31mFailed scenarios:&amp#27;[0m


classpath:features/Cucumber/Auth/RegisterMentor.feature:12 # Register mentor with existing json


classpath:features/Cucumber/Auth/RegisterStudent.feature:12 # Register student with existing json


classpath:features/Cucumber/Chat/PostCreateMessage.feature:51 # Create message with 1 parameter(only chat contents)


classpath:features/Cucumber/Class/ClassFeature.feature:66 # Delete a class


classpath:features/Cucumber/Instrument/PostCreateInstrumentNegativeCase.feature:4 # [Negative Case] Post Create Mentors Instruments Invalid JSON


classpath:features/Cucumber/Instrument/PostCreateInstrumentNegativeCase.feature:9 # [Negative Case] Post Create Mentors Instruments No Auth


classpath:features/Cucumber/Instrument/PostCreateInstrumentPositiveCase.feature:4 # [Positive Case] Post Create Mentors Instruments Valid JSON


classpath:features/Cucumber/Instrument/Z_DeleteInstrumentNegativeCase.feature:9 # [Negative Case] Delete Instruments Invalid ID


classpath:features/Cucumber/Instrument/Z_DeleteInstrumentNegativeCase.feature:14 # [Negative Case] Delete Instruments Blank ID


classpath:features/Cucumber/Mentor/GetAllListMentorNegativeCase.feature:10 # [Negative Case] Get All List Mentors With Invalid Parameters


classpath:features/Cucumber/Mentor/GetAllListMentorNegativeCase.feature:15 # [Negative Case] Get All List Mentors With Invalid Parameters


classpath:features/Cucumber/Mentor/GetSingleMentorNegativeCase.feature:10 # [Negative Case] Get Single List Mentors With Invalid ID


classpath:features/Cucumber/Mentor/GetSingleMentorNegativeCase.feature:11 # [Negative Case] Get Single List Mentors With Invalid ID


classpath:features/Cucumber/Mentor/GetSingleMentorNegativeCase.feature:12 # [Negative Case] Get Single List Mentors With Invalid ID


classpath:features/Cucumber/Mentor/GetSingleMentorNegativeCase.feature:14 # [Negative Case] Get Single List Mentors With Blank ID


classpath:features/Cucumber/Mentor/PutUpdatePasswordMentorPositiveCase.feature:4 # [Positive Case] Put Update Mentors Password With Valid JSON


classpath:features/Cucumber/Mentor/PutUpdateProfileMentorNegativeCase.feature:4 # [Negative Case] Put Update Mentors Profile With Invalid JSON


classpath:features/Cucumber/Mentor/PutUpdateProfileMentorNegativeCase.feature:9 # [Negative Case] Put Update Mentors Profile With Valid JSON No Authorized


classpath:features/Cucumber/Mentor/PutUpdateProfileMentorPositiveCase.feature:4 # [Positive Case] Put Update Mentors Profile With Valid JSON


classpath:features/Cucumber/Schedule/PostAddMentorSchedule.feature:24 # Post add mentor schedule with empty json


classpath:features/Cucumber/Schedule/PostAddMentorsSchedulesAvailability.feature:3 # Post add mentor schedule availability with valid json




&amp#27;[33mUndefined scenarios:&amp#27;[0m


classpath:features/Cucumber/Mentor/GetSingleMentorPositiveCase.feature:9 # [Positive Case] Get Single List Mentors With Valid ID




139
 Scenarios (
&amp#27;[31m21 failed&amp#27;[0m
, 
&amp#27;[33m1 undefined&amp#27;[0m
, 
&amp#27;[32m117 passed&amp#27;[0m
)


553
 Steps (
&amp#27;[31m21 failed&amp#27;[0m
, 
&amp#27;[36m24 skipped&amp#27;[0m
, 
&amp#27;[33m1 undefined&amp#27;[0m
, 
&amp#27;[32m507 passed&amp#27;[0m
)


1m
25.092s






java.lang.AssertionError: 1 expectation failed.
JSON path message doesn't match.
Expected: error insert data
  Actual: email has been registered



	at sun.reflect.NativeConstructorAccessorImpl.newInstance0(Native Method)


	at sun.reflect.NativeConstructorAccessorImpl.newInstance(NativeConstructorAccessorImpl.java:62)


	at sun.reflect.DelegatingConstructorAccessorImpl.newInstance(DelegatingConstructorAccessorImpl.java:45)


	at java.lang.reflect.Constructor.newInstance(Constructor.java:423)


	at org.codehaus.groovy.reflection.CachedConstructor.invoke(CachedConstructor.java:72)


	at org.codehaus.groovy.reflection.CachedConstructor.doConstructorInvoke(CachedConstructor.java:59)


	at org.codehaus.groovy.runtime.callsite.ConstructorSite$ConstructorSiteNoUnwrap.callConstructor(ConstructorSite.java:84)


	at org.codehaus.groovy.runtime.callsite.CallSiteArray.defaultCallConstructor(CallSiteArray.java:59)


	at org.codehaus.groovy.runtime.callsite.AbstractCallSite.callConstructor(AbstractCallSite.java:263)


	at org.codehaus.groovy.runtime.callsite.AbstractCallSite.callConstructor(AbstractCallSite.java:277)


	at io.restassured.internal.ResponseSpecificationImpl$HamcrestAssertionClosure.validate(ResponseSpecificationImpl.groovy:493)


	at io.restassured.internal.ResponseSpecificationImpl$HamcrestAssertionClosure$validate$1.call(Unknown Source)


	at io.restassured.internal.ResponseSpecificationImpl.validateResponseIfRequired(ResponseSpecificationImpl.groovy:674)


	at sun.reflect.GeneratedMethodAccessor72.invoke(Unknown Source)


	at sun.reflect.DelegatingMethodAccessorImpl.invoke(DelegatingMethodAccessorImpl.java:43)


	at java.lang.reflect.Method.invoke(Method.java:498)


	at org.codehaus.groovy.runtime.callsite.PlainObjectMetaMethodSite.doInvoke(PlainObjectMetaMethodSite.java:43)


	at org.codehaus.groovy.runtime.callsite.PogoMetaMethodSite$PogoCachedMethodSiteNoUnwrapNoCoerce.invoke(PogoMetaMethodSite.java:193)


	at org.codehaus.groovy.runtime.callsite.PogoMetaMethodSite.callCurrent(PogoMetaMethodSite.java:61)


	at org.codehaus.groovy.runtime.callsite.AbstractCallSite.callCurrent(AbstractCallSite.java:185)


	at io.restassured.internal.ResponseSpecificationImpl.body(ResponseSpecificationImpl.groovy:261)


	at io.restassured.specification.ResponseSpecification$body$1.callCurrent(Unknown Source)


	at io.restassured.internal.ResponseSpecificationImpl.body(ResponseSpecificationImpl.groovy:108)


	at io.restassured.internal.ValidatableResponseOptionsImpl.body(ValidatableResponseOptionsImpl.java:244)


	at io.restassured.internal.ValidatableResponseImpl.super$2$body(ValidatableResponseImpl.groovy)


	at sun.reflect.NativeMethodAccessorImpl.invoke0(Native Method)


	at sun.reflect.NativeMethodAccessorImpl.invoke(NativeMethodAccessorImpl.java:62)


	at sun.reflect.DelegatingMethodAccessorImpl.invoke(DelegatingMethodAccessorImpl.java:43)


	at java.lang.reflect.Method.invoke(Method.java:498)


	at org.codehaus.groovy.reflection.CachedMethod.invoke(CachedMethod.java:107)


	at groovy.lang.MetaMethod.doMethodInvoke(MetaMethod.java:323)


	at groovy.lang.MetaClassImpl.invokeMethod(MetaClassImpl.java:1267)


	at org.codehaus.groovy.runtime.ScriptBytecodeAdapter.invokeMethodOnSuperN(ScriptBytecodeAdapter.java:144)


	at io.restassured.internal.ValidatableResponseImpl.body(ValidatableResponseImpl.groovy:298)


	at io.restassured.internal.ValidatableResponseImpl.body(ValidatableResponseImpl.groovy)


	at MusicLab.StepDefinitions.Auth.LoginMentorSteps.responseBodyShouldBeAsMessage(LoginMentorSteps.java:42)


	at ?.Response body should be "error insert data" as message(classpath:features/Cucumber/Auth/RegisterMentor.feature:16)




java.lang.AssertionError: 1 expectation failed.
JSON path message doesn't match.
Expected: error insert data
  Actual: email has been registered



	at sun.reflect.NativeConstructorAccessorImpl.newInstance0(Native Method)


	at sun.reflect.NativeConstructorAccessorImpl.newInstance(NativeConstructorAccessorImpl.java:62)


	at sun.reflect.DelegatingConstructorAccessorImpl.newInstance(DelegatingConstructorAccessorImpl.java:45)


	at java.lang.reflect.Constructor.newInstance(Constructor.java:423)


	at org.codehaus.groovy.reflection.CachedConstructor.invoke(CachedConstructor.java:72)


	at org.codehaus.groovy.reflection.CachedConstructor.doConstructorInvoke(CachedConstructor.java:59)


	at org.codehaus.groovy.runtime.callsite.ConstructorSite$ConstructorSiteNoUnwrap.callConstructor(ConstructorSite.java:84)


	at org.codehaus.groovy.runtime.callsite.AbstractCallSite.callConstructor(AbstractCallSite.java:277)


	at io.restassured.internal.ResponseSpecificationImpl$HamcrestAssertionClosure.validate(ResponseSpecificationImpl.groovy:493)


	at io.restassured.internal.ResponseSpecificationImpl$HamcrestAssertionClosure$validate$1.call(Unknown Source)


	at io.restassured.internal.ResponseSpecificationImpl.validateResponseIfRequired(ResponseSpecificationImpl.groovy:674)


	at sun.reflect.GeneratedMethodAccessor72.invoke(Unknown Source)


	at sun.reflect.DelegatingMethodAccessorImpl.invoke(DelegatingMethodAccessorImpl.java:43)


	at java.lang.reflect.Method.invoke(Method.java:498)


	at org.codehaus.groovy.runtime.callsite.PlainObjectMetaMethodSite.doInvoke(PlainObjectMetaMethodSite.java:43)


	at org.codehaus.groovy.runtime.callsite.PogoMetaMethodSite$PogoCachedMethodSiteNoUnwrapNoCoerce.invoke(PogoMetaMethodSite.java:193)


	at org.codehaus.groovy.runtime.callsite.PogoMetaMethodSite.callCurrent(PogoMetaMethodSite.java:61)


	at org.codehaus.groovy.runtime.callsite.AbstractCallSite.callCurrent(AbstractCallSite.java:185)


	at io.restassured.internal.ResponseSpecificationImpl.body(ResponseSpecificationImpl.groovy:261)


	at io.restassured.specification.ResponseSpecification$body$1.callCurrent(Unknown Source)


	at io.restassured.internal.ResponseSpecificationImpl.body(ResponseSpecificationImpl.groovy:108)


	at io.restassured.internal.ValidatableResponseOptionsImpl.body(ValidatableResponseOptionsImpl.java:244)


	at io.restassured.internal.ValidatableResponseImpl.super$2$body(ValidatableResponseImpl.groovy)


	at sun.reflect.NativeMethodAccessorImpl.invoke0(Native Method)


	at sun.reflect.NativeMethodAccessorImpl.invoke(NativeMethodAccessorImpl.java:62)


	at sun.reflect.DelegatingMethodAccessorImpl.invoke(DelegatingMethodAccessorImpl.java:43)


	at java.lang.reflect.Method.invoke(Method.java:498)


	at org.codehaus.groovy.reflection.CachedMethod.invoke(CachedMethod.java:107)


	at groovy.lang.MetaMethod.doMethodInvoke(MetaMethod.java:323)


	at groovy.lang.MetaClassImpl.invokeMethod(MetaClassImpl.java:1267)


	at org.codehaus.groovy.runtime.ScriptBytecodeAdapter.invokeMethodOnSuperN(ScriptBytecodeAdapter.java:144)


	at io.restassured.internal.ValidatableResponseImpl.body(ValidatableResponseImpl.groovy:298)


	at io.restassured.internal.ValidatableResponseImpl.body(ValidatableResponseImpl.groovy)


	at MusicLab.StepDefinitions.Auth.LoginMentorSteps.responseBodyShouldBeAsMessage(LoginMentorSteps.java:42)


	at ?.Response body should be "error insert data" as message(classpath:features/Cucumber/Auth/RegisterStudent.feature:16)




java.lang.AssertionError: 1 expectation failed.
JSON path message doesn't match.
Expected: validate: Key: 'Core.StudentID' Error:Field validation for 'StudentID' failed on the 'required' tag\nKey: 'Core.MentorID' Error:Field validation for 'MentorID' failed on the 'required' tag
  Actual: validate: Key: 'Core.StudentID' Error:Field validation for 'StudentID' failed on the 'required' tag\nKey: 'Core.MentorID' Error:Field validation for 'MentorID' failed on the 'required' tag



	at sun.reflect.NativeConstructorAccessorImpl.newInstance0(Native Method)


	at sun.reflect.NativeConstructorAccessorImpl.newInstance(NativeConstructorAccessorImpl.java:62)


	at sun.reflect.DelegatingConstructorAccessorImpl.newInstance(DelegatingConstructorAccessorImpl.java:45)


	at java.lang.reflect.Constructor.newInstance(Constructor.java:423)


	at org.codehaus.groovy.reflection.CachedConstructor.invoke(CachedConstructor.java:72)


	at org.codehaus.groovy.reflection.CachedConstructor.doConstructorInvoke(CachedConstructor.java:59)


	at org.codehaus.groovy.runtime.callsite.ConstructorSite$ConstructorSiteNoUnwrap.callConstructor(ConstructorSite.java:84)


	at org.codehaus.groovy.runtime.callsite.AbstractCallSite.callConstructor(AbstractCallSite.java:277)


	at io.restassured.internal.ResponseSpecificationImpl$HamcrestAssertionClosure.validate(ResponseSpecificationImpl.groovy:493)


	at io.restassured.internal.ResponseSpecificationImpl$HamcrestAssertionClosure$validate$1.call(Unknown Source)


	at io.restassured.internal.ResponseSpecificationImpl.validateResponseIfRequired(ResponseSpecificationImpl.groovy:674)


	at sun.reflect.GeneratedMethodAccessor72.invoke(Unknown Source)


	at sun.reflect.DelegatingMethodAccessorImpl.invoke(DelegatingMethodAccessorImpl.java:43)


	at java.lang.reflect.Method.invoke(Method.java:498)


	at org.codehaus.groovy.runtime.callsite.PlainObjectMetaMethodSite.doInvoke(PlainObjectMetaMethodSite.java:43)


	at org.codehaus.groovy.runtime.callsite.PogoMetaMethodSite$PogoCachedMethodSiteNoUnwrapNoCoerce.invoke(PogoMetaMethodSite.java:193)


	at org.codehaus.groovy.runtime.callsite.PogoMetaMethodSite.callCurrent(PogoMetaMethodSite.java:61)


	at org.codehaus.groovy.runtime.callsite.AbstractCallSite.callCurrent(AbstractCallSite.java:185)


	at io.restassured.internal.ResponseSpecificationImpl.body(ResponseSpecificationImpl.groovy:261)


	at io.restassured.specification.ResponseSpecification$body$1.callCurrent(Unknown Source)


	at io.restassured.internal.ResponseSpecificationImpl.body(ResponseSpecificationImpl.groovy:108)


	at io.restassured.internal.ValidatableResponseOptionsImpl.body(ValidatableResponseOptionsImpl.java:244)


	at io.restassured.internal.ValidatableResponseImpl.super$2$body(ValidatableResponseImpl.groovy)


	at sun.reflect.GeneratedMethodAccessor171.invoke(Unknown Source)


	at sun.reflect.DelegatingMethodAccessorImpl.invoke(DelegatingMethodAccessorImpl.java:43)


	at java.lang.reflect.Method.invoke(Method.java:498)


	at org.codehaus.groovy.reflection.CachedMethod.invoke(CachedMethod.java:107)


	at groovy.lang.MetaMethod.doMethodInvoke(MetaMethod.java:323)


	at groovy.lang.MetaClassImpl.invokeMethod(MetaClassImpl.java:1267)


	at org.codehaus.groovy.runtime.ScriptBytecodeAdapter.invokeMethodOnSuperN(ScriptBytecodeAdapter.java:144)


	at io.restassured.internal.ValidatableResponseImpl.body(ValidatableResponseImpl.groovy:298)


	at io.restassured.internal.ValidatableResponseImpl.body(ValidatableResponseImpl.groovy)


	at MusicLab.StepDefinitions.Chat.CreateMessageStepdef.responBodyMessageShouldBe(CreateMessageStepdef.java:45)


	at ?.Respon body message should be "validate: Key: 'Core.StudentID' Error:Field validation for 'StudentID' failed on the 'required' tag\nKey: 'Core.MentorID' Error:Field validation for 'MentorID' failed on the 'required' tag"(classpath:features/Cucumber/Chat/PostCreateMessage.feature:55)




java.lang.AssertionError: 1 expectation failed.
Expected status code <200> but was <404>.



	at sun.reflect.NativeConstructorAccessorImpl.newInstance0(Native Method)


	at sun.reflect.NativeConstructorAccessorImpl.newInstance(NativeConstructorAccessorImpl.java:62)


	at sun.reflect.DelegatingConstructorAccessorImpl.newInstance(DelegatingConstructorAccessorImpl.java:45)


	at java.lang.reflect.Constructor.newInstance(Constructor.java:423)


	at org.codehaus.groovy.reflection.CachedConstructor.invoke(CachedConstructor.java:72)


	at org.codehaus.groovy.reflection.CachedConstructor.doConstructorInvoke(CachedConstructor.java:59)


	at org.codehaus.groovy.runtime.callsite.ConstructorSite$ConstructorSiteNoUnwrap.callConstructor(ConstructorSite.java:84)


	at org.codehaus.groovy.runtime.callsite.AbstractCallSite.callConstructor(AbstractCallSite.java:277)


	at io.restassured.internal.ResponseSpecificationImpl$HamcrestAssertionClosure.validate(ResponseSpecificationImpl.groovy:493)


	at io.restassured.internal.ResponseSpecificationImpl$HamcrestAssertionClosure$validate$1.call(Unknown Source)


	at io.restassured.internal.ResponseSpecificationImpl.validateResponseIfRequired(ResponseSpecificationImpl.groovy:674)


	at sun.reflect.GeneratedMethodAccessor72.invoke(Unknown Source)


	at sun.reflect.DelegatingMethodAccessorImpl.invoke(DelegatingMethodAccessorImpl.java:43)


	at java.lang.reflect.Method.invoke(Method.java:498)


	at org.codehaus.groovy.runtime.callsite.PlainObjectMetaMethodSite.doInvoke(PlainObjectMetaMethodSite.java:43)


	at org.codehaus.groovy.runtime.callsite.PogoMetaMethodSite$PogoCachedMethodSiteNoUnwrapNoCoerce.invoke(PogoMetaMethodSite.java:193)


	at org.codehaus.groovy.runtime.callsite.PogoMetaMethodSite.callCurrent(PogoMetaMethodSite.java:61)


	at org.codehaus.groovy.runtime.callsite.AbstractCallSite.callCurrent(AbstractCallSite.java:185)


	at io.restassured.internal.ResponseSpecificationImpl.statusCode(ResponseSpecificationImpl.groovy:126)


	at io.restassured.specification.ResponseSpecification$statusCode$0.callCurrent(Unknown Source)


	at io.restassured.internal.ResponseSpecificationImpl.statusCode(ResponseSpecificationImpl.groovy:134)


	at io.restassured.internal.ValidatableResponseOptionsImpl.statusCode(ValidatableResponseOptionsImpl.java:89)


	at io.restassured.internal.ValidatableResponseImpl.super$2$statusCode(ValidatableResponseImpl.groovy)


	at sun.reflect.GeneratedMethodAccessor169.invoke(Unknown Source)


	at sun.reflect.DelegatingMethodAccessorImpl.invoke(DelegatingMethodAccessorImpl.java:43)


	at java.lang.reflect.Method.invoke(Method.java:498)


	at org.codehaus.groovy.reflection.CachedMethod.invoke(CachedMethod.java:107)


	at groovy.lang.MetaMethod.doMethodInvoke(MetaMethod.java:323)


	at groovy.lang.MetaClassImpl.invokeMethod(MetaClassImpl.java:1267)


	at org.codehaus.groovy.runtime.ScriptBytecodeAdapter.invokeMethodOnSuperN(ScriptBytecodeAdapter.java:144)


	at io.restassured.internal.ValidatableResponseImpl.statusCode(ValidatableResponseImpl.groovy:142)


	at io.restassured.internal.ValidatableResponseImpl.statusCode(ValidatableResponseImpl.groovy)


	at MusicLab.StepDefinitions.Class.ClassStepdef.statusCodeShouldBeOK(ClassStepdef.java:33)


	at ?.Status code should be 200 OK class(classpath:features/Cucumber/Class/ClassFeature.feature:69)




java.lang.RuntimeException: Some exception during recording fields


	at net.serenitybdd.rest.filters.FieldsRecordingFilter.filter(FieldsRecordingFilter.java:52)


	at io.restassured.filter.Filter$filter.call(Unknown Source)


	at io.restassured.internal.filter.FilterContextImpl.next(FilterContextImpl.groovy:72)


	at io.restassured.filter.log.RequestLoggingFilter.filter(RequestLoggingFilter.java:140)


	at net.serenitybdd.rest.filters.FieldsRecordingFilter.filter(FieldsRecordingFilter.java:40)


	at io.restassured.filter.Filter$filter.call(Unknown Source)


	at io.restassured.internal.filter.FilterContextImpl.next(FilterContextImpl.groovy:72)


	at io.restassured.filter.log.RequestLoggingFilter.filter(RequestLoggingFilter.java:140)


	at net.serenitybdd.rest.filters.FieldsRecordingFilter.filter(FieldsRecordingFilter.java:40)


	at io.restassured.filter.Filter$filter.call(Unknown Source)


	at io.restassured.internal.filter.FilterContextImpl.next(FilterContextImpl.groovy:72)


	at io.restassured.filter.log.RequestLoggingFilter.filter(RequestLoggingFilter.java:140)


	at net.serenitybdd.rest.filters.FieldsRecordingFilter.filter(FieldsRecordingFilter.java:40)


	at io.restassured.filter.Filter$filter.call(Unknown Source)


	at io.restassured.internal.filter.FilterContextImpl.next(FilterContextImpl.groovy:72)


	at io.restassured.filter.log.RequestLoggingFilter.filter(RequestLoggingFilter.java:140)


	at net.serenitybdd.rest.filters.FieldsRecordingFilter.filter(FieldsRecordingFilter.java:40)


	at io.restassured.filter.Filter$filter.call(Unknown Source)


	at io.restassured.internal.filter.FilterContextImpl.next(FilterContextImpl.groovy:72)


	at io.restassured.filter.log.RequestLoggingFilter.filter(RequestLoggingFilter.java:140)


	at net.serenitybdd.rest.filters.FieldsRecordingFilter.filter(FieldsRecordingFilter.java:40)


	at io.restassured.filter.Filter$filter.call(Unknown Source)


	at org.codehaus.groovy.runtime.callsite.CallSiteArray.defaultCall(CallSiteArray.java:47)


	at io.restassured.filter.Filter$filter$0.call(Unknown Source)


	at io.restassured.internal.filter.FilterContextImpl.next(FilterContextImpl.groovy:72)


	at io.restassured.filter.FilterContext$next.call(Unknown Source)


	at io.restassured.internal.RequestSpecificationImpl.applyPathParamsAndSendRequest(RequestSpecificationImpl.groovy:1655)


	at sun.reflect.GeneratedMethodAccessor115.invoke(Unknown Source)


	at sun.reflect.DelegatingMethodAccessorImpl.invoke(DelegatingMethodAccessorImpl.java:43)


	at java.lang.reflect.Method.invoke(Method.java:498)


	at org.codehaus.groovy.reflection.CachedMethod.invoke(CachedMethod.java:107)


	at groovy.lang.MetaMethod.doMethodInvoke(MetaMethod.java:323)


	at groovy.lang.MetaClassImpl.invokeMethod(MetaClassImpl.java:1267)


	at groovy.lang.MetaClassImpl.invokeMethod(MetaClassImpl.java:1034)


	at groovy.lang.MetaClassImpl.invokeMethod(MetaClassImpl.java:818)


	at groovy.lang.GroovyObject.invokeMethod(GroovyObject.java:39)


	at org.codehaus.groovy.runtime.callsite.PogoInterceptableSite.call(PogoInterceptableSite.java:45)


	at org.codehaus.groovy.runtime.callsite.PogoInterceptableSite.callCurrent(PogoInterceptableSite.java:55)


	at org.codehaus.groovy.runtime.callsite.AbstractCallSite.callCurrent(AbstractCallSite.java:203)


	at io.restassured.internal.RequestSpecificationImpl.applyPathParamsAndSendRequest(RequestSpecificationImpl.groovy:1661)


	at sun.reflect.GeneratedMethodAccessor114.invoke(Unknown Source)


	at sun.reflect.DelegatingMethodAccessorImpl.invoke(DelegatingMethodAccessorImpl.java:43)


	at java.lang.reflect.Method.invoke(Method.java:498)


	at org.codehaus.groovy.reflection.CachedMethod.invoke(CachedMethod.java:107)


	at groovy.lang.MetaMethod.doMethodInvoke(MetaMethod.java:323)


	at groovy.lang.MetaClassImpl.invokeMethod(MetaClassImpl.java:1267)


	at groovy.lang.MetaClassImpl.invokeMethod(MetaClassImpl.java:1034)


	at groovy.lang.MetaClassImpl.invokeMethod(MetaClassImpl.java:818)


	at groovy.lang.GroovyObject.invokeMethod(GroovyObject.java:39)


	at org.codehaus.groovy.runtime.callsite.PogoInterceptableSite.call(PogoInterceptableSite.java:45)


	at org.codehaus.groovy.runtime.callsite.PogoInterceptableSite.callCurrent(PogoInterceptableSite.java:55)


	at org.codehaus.groovy.runtime.callsite.AbstractCallSite.callCurrent(AbstractCallSite.java:203)


	at io.restassured.internal.RequestSpecificationImpl.post(RequestSpecificationImpl.groovy:175)


	at net.serenitybdd.rest.decorators.request.RequestSpecificationDecorated.executeCall(RequestSpecificationDecorated.java:309)


	at net.serenitybdd.rest.decorators.request.RequestSpecificationDecorated.execute(RequestSpecificationDecorated.java:268)


	at net.serenitybdd.rest.decorators.request.RequestSpecificationDecorated.post(RequestSpecificationDecorated.java:120)


	at net.serenitybdd.rest.decorators.request.RequestSpecificationDecorated.post(RequestSpecificationDecorated.java:38)


	at MusicLab.StepDefinitions.Instrument.PostCreateInstrumentStepDef.sendPostCreateInstrument(PostCreateInstrumentStepDef.java:44)


	at ?.Send post create mentor instrument(classpath:features/Cucumber/Instrument/PostCreateInstrumentNegativeCase.feature:6)


Caused by: java.io.FileNotFoundException: D:\Alterra\Automation\API\MusicLab-QE-APITesting\src\test\resources\features\JSON\ReqBody\InstrumentInvalidPostCreateInstrumenJsonReqBody.json (The system cannot find the file specified)


	at java.io.FileInputStream.open0(Native Method)


	at java.io.FileInputStream.open(FileInputStream.java:195)


	at java.io.FileInputStream.<init>(FileInputStream.java:138)


	at org.codehaus.groovy.runtime.ResourceGroovyMethods.newReader(ResourceGroovyMethods.java:1797)


	at org.codehaus.groovy.runtime.ResourceGroovyMethods.getText(ResourceGroovyMethods.java:579)


	at org.codehaus.groovy.runtime.dgm$1042.invoke(Unknown Source)


	at org.codehaus.groovy.runtime.callsite.PojoMetaMethodSite$PojoMetaMethodSiteNoUnwrapNoCoerce.invoke(PojoMetaMethodSite.java:247)


	at org.codehaus.groovy.runtime.callsite.PojoMetaMethodSite.call(PojoMetaMethodSite.java:56)


	at org.codehaus.groovy.runtime.callsite.AbstractCallSite.call(AbstractCallSite.java:139)


	at io.restassured.internal.support.FileReader.readToString(FileReader.groovy:23)


	at io.restassured.internal.http.EncoderRegistry.toString(EncoderRegistry.java:461)


	at io.restassured.internal.http.EncoderRegistry.encodeJSON(EncoderRegistry.java:287)


	at sun.reflect.GeneratedMethodAccessor185.invoke(Unknown Source)


	at sun.reflect.DelegatingMethodAccessorImpl.invoke(DelegatingMethodAccessorImpl.java:43)


	at java.lang.reflect.Method.invoke(Method.java:498)


	at org.codehaus.groovy.reflection.CachedMethod.invoke(CachedMethod.java:107)


	at groovy.lang.MetaMethod.doMethodInvoke(MetaMethod.java:323)


	at groovy.lang.MetaClassImpl.invokeMethod(MetaClassImpl.java:1267)


	at groovy.lang.MetaClassImpl.invokeMethodClosure(MetaClassImpl.java:1047)


	at groovy.lang.MetaClassImpl.invokeMethod(MetaClassImpl.java:1141)


	at groovy.lang.MetaClassImpl.invokeMethod(MetaClassImpl.java:1034)


	at groovy.lang.Closure.call(Closure.java:412)


	at io.restassured.internal.http.HTTPBuilder$RequestConfigDelegate.setBody(HTTPBuilder.java:1114)


	at io.restassured.internal.http.HTTPBuilder$RequestConfigDelegate.setPropertiesFromMap(HTTPBuilder.java:1026)


	at io.restassured.internal.http.HTTPBuilder.post(HTTPBuilder.java:345)


	at io.restassured.internal.http.HTTPBuilder$post$2.call(Unknown Source)


	at io.restassured.internal.RequestSpecificationImpl.sendRequest(RequestSpecificationImpl.groovy:1181)


	at sun.reflect.GeneratedMethodAccessor121.invoke(Unknown Source)


	at sun.reflect.DelegatingMethodAccessorImpl.invoke(DelegatingMethodAccessorImpl.java:43)


	at java.lang.reflect.Method.invoke(Method.java:498)


	at org.codehaus.groovy.reflection.CachedMethod.invoke(CachedMethod.java:107)


	at groovy.lang.MetaMethod.doMethodInvoke(MetaMethod.java:323)


	at groovy.lang.MetaClassImpl.invokeMethod(MetaClassImpl.java:1267)


	at groovy.lang.MetaClassImpl.invokeMethod(MetaClassImpl.java:1034)


	at groovy.lang.MetaClassImpl.invokeMethod(MetaClassImpl.java:818)


	at groovy.lang.GroovyObject.invokeMethod(GroovyObject.java:39)


	at org.codehaus.groovy.runtime.callsite.PogoInterceptableSite.call(PogoInterceptableSite.java:45)


	at org.codehaus.groovy.runtime.callsite.AbstractCallSite.call(AbstractCallSite.java:166)


	at io.restassured.internal.filter.SendRequestFilter.filter(SendRequestFilter.groovy:30)


	at io.restassured.filter.Filter$filter$0.call(Unknown Source)


	at org.codehaus.groovy.runtime.callsite.CallSiteArray.defaultCall(CallSiteArray.java:47)


	at io.restassured.filter.Filter$filter.call(Unknown Source)


	at io.restassured.internal.filter.FilterContextImpl.next(FilterContextImpl.groovy:72)


	at io.restassured.filter.time.TimingFilter.filter(TimingFilter.java:56)


	at io.restassured.filter.Filter$filter.call(Unknown Source)


	at org.codehaus.groovy.runtime.callsite.CallSiteArray.defaultCall(CallSiteArray.java:47)


	at io.restassured.filter.Filter$filter.call(Unknown Source)


	at io.restassured.internal.filter.FilterContextImpl.next(FilterContextImpl.groovy:72)


	at io.restassured.filter.log.RequestLoggingFilter.filter(RequestLoggingFilter.java:140)


	at net.serenitybdd.rest.filters.FieldsRecordingFilter.filter(FieldsRecordingFilter.java:40)


	at io.restassured.filter.Filter$filter.call(Unknown Source)


	at io.restassured.internal.filter.FilterContextImpl.next(FilterContextImpl.groovy:72)


	at io.restassured.filter.log.RequestLoggingFilter.filter(RequestLoggingFilter.java:140)


	at net.serenitybdd.rest.filters.FieldsRecordingFilter.filter(FieldsRecordingFilter.java:40)


	at io.restassured.filter.Filter$filter.call(Unknown Source)


	at io.restassured.internal.filter.FilterContextImpl.next(FilterContextImpl.groovy:72)


	at io.restassured.filter.log.RequestLoggingFilter.filter(RequestLoggingFilter.java:140)


	at net.serenitybdd.rest.filters.FieldsRecordingFilter.filter(FieldsRecordingFilter.java:40)


	at io.restassured.filter.Filter$filter.call(Unknown Source)


	at io.restassured.internal.filter.FilterContextImpl.next(FilterContextImpl.groovy:72)


	at io.restassured.filter.log.RequestLoggingFilter.filter(RequestLoggingFilter.java:140)


	at net.serenitybdd.rest.filters.FieldsRecordingFilter.filter(FieldsRecordingFilter.java:40)


	at io.restassured.filter.Filter$filter.call(Unknown Source)


	at io.restassured.internal.filter.FilterContextImpl.next(FilterContextImpl.groovy:72)


	at io.restassured.filter.log.RequestLoggingFilter.filter(RequestLoggingFilter.java:140)


	at net.serenitybdd.rest.filters.FieldsRecordingFilter.filter(FieldsRecordingFilter.java:40)


	at io.restassured.filter.Filter$filter.call(Unknown Source)


	at io.restassured.internal.filter.FilterContextImpl.next(FilterContextImpl.groovy:72)


	at io.restassured.filter.log.RequestLoggingFilter.filter(RequestLoggingFilter.java:140)


	at net.serenitybdd.rest.filters.FieldsRecordingFilter.filter(FieldsRecordingFilter.java:40)


	at io.restassured.filter.Filter$filter.call(Unknown Source)


	at org.codehaus.groovy.runtime.callsite.CallSiteArray.defaultCall(CallSiteArray.java:47)


	at io.restassured.filter.Filter$filter$0.call(Unknown Source)


	at io.restassured.internal.filter.FilterContextImpl.next(FilterContextImpl.groovy:72)


	at io.restassured.filter.FilterContext$next.call(Unknown Source)


	at io.restassured.internal.RequestSpecificationImpl.applyPathParamsAndSendRequest(RequestSpecificationImpl.groovy:1655)


	at sun.reflect.GeneratedMethodAccessor115.invoke(Unknown Source)


	at sun.reflect.DelegatingMethodAccessorImpl.invoke(DelegatingMethodAccessorImpl.java:43)


	at java.lang.reflect.Method.invoke(Method.java:498)


	at org.codehaus.groovy.reflection.CachedMethod.invoke(CachedMethod.java:107)


	at groovy.lang.MetaMethod.doMethodInvoke(MetaMethod.java:323)


	at groovy.lang.MetaClassImpl.invokeMethod(MetaClassImpl.java:1267)


	at groovy.lang.MetaClassImpl.invokeMethod(MetaClassImpl.java:1034)


	at groovy.lang.MetaClassImpl.invokeMethod(MetaClassImpl.java:818)


	at groovy.lang.GroovyObject.invokeMethod(GroovyObject.java:39)


	at org.codehaus.groovy.runtime.callsite.PogoInterceptableSite.call(PogoInterceptableSite.java:45)


	at org.codehaus.groovy.runtime.callsite.PogoInterceptableSite.callCurrent(PogoInterceptableSite.java:55)


	at org.codehaus.groovy.runtime.callsite.AbstractCallSite.callCurrent(AbstractCallSite.java:203)


	at io.restassured.internal.RequestSpecificationImpl.applyPathParamsAndSendRequest(RequestSpecificationImpl.groovy:1661)


	at sun.reflect.GeneratedMethodAccessor114.invoke(Unknown Source)


	at sun.reflect.DelegatingMethodAccessorImpl.invoke(DelegatingMethodAccessorImpl.java:43)


	at java.lang.reflect.Method.invoke(Method.java:498)


	at org.codehaus.groovy.reflection.CachedMethod.invoke(CachedMethod.java:107)


	at groovy.lang.MetaMethod.doMethodInvoke(MetaMethod.java:323)


	at groovy.lang.MetaClassImpl.invokeMethod(MetaClassImpl.java:1267)


	at groovy.lang.MetaClassImpl.invokeMethod(MetaClassImpl.java:1034)


	at groovy.lang.MetaClassImpl.invokeMethod(MetaClassImpl.java:818)


	at groovy.lang.GroovyObject.invokeMethod(GroovyObject.java:39)


	at org.codehaus.groovy.runtime.callsite.PogoInterceptableSite.call(PogoInterceptableSite.java:45)


	at org.codehaus.groovy.runtime.callsite.PogoInterceptableSite.callCurrent(PogoInterceptableSite.java:55)


	at org.codehaus.groovy.runtime.callsite.AbstractCallSite.callCurrent(AbstractCallSite.java:203)


	at io.restassured.internal.RequestSpecificationImpl.post(RequestSpecificationImpl.groovy:175)


	at net.serenitybdd.rest.decorators.request.RequestSpecificationDecorated.executeCall(RequestSpecificationDecorated.java:309)


	at net.serenitybdd.rest.decorators.request.RequestSpecificationDecorated.execute(RequestSpecificationDecorated.java:268)


	at net.serenitybdd.rest.decorators.request.RequestSpecificationDecorated.post(RequestSpecificationDecorated.java:120)


	at net.serenitybdd.rest.decorators.request.RequestSpecificationDecorated.post(RequestSpecificationDecorated.java:38)


	at MusicLab.StepDefinitions.Instrument.PostCreateInstrumentStepDef.sendPostCreateInstrument(PostCreateInstrumentStepDef.java:44)


	at sun.reflect.NativeMethodAccessorImpl.invoke0(Native Method)


	at sun.reflect.NativeMethodAccessorImpl.invoke(NativeMethodAccessorImpl.java:62)


	at sun.reflect.DelegatingMethodAccessorImpl.invoke(DelegatingMethodAccessorImpl.java:43)


	at java.lang.reflect.Method.invoke(Method.java:498)


	at io.cucumber.java.Invoker.doInvoke(Invoker.java:66)


	at io.cucumber.java.Invoker.invoke(Invoker.java:24)


	at io.cucumber.java.AbstractGlueDefinition.invokeMethod(AbstractGlueDefinition.java:47)


	at io.cucumber.java.JavaStepDefinition.execute(JavaStepDefinition.java:29)


	at io.cucumber.core.runner.CoreStepDefinition.execute(CoreStepDefinition.java:66)


	at io.cucumber.core.runner.PickleStepDefinitionMatch.runStep(PickleStepDefinitionMatch.java:63)


	at io.cucumber.core.runner.ExecutionMode$1.execute(ExecutionMode.java:10)


	at io.cucumber.core.runner.TestStep.executeStep(TestStep.java:92)


	at io.cucumber.core.runner.TestStep.run(TestStep.java:64)


	at io.cucumber.core.runner.PickleStepTestStep.run(PickleStepTestStep.java:51)


	at io.cucumber.core.runner.TestCase.run(TestCase.java:104)


	at io.cucumber.core.runner.Runner.runPickle(Runner.java:73)


	at io.cucumber.junit.PickleRunners$NoStepDescriptions.run(PickleRunners.java:151)


	at io.cucumber.junit.FeatureRunner.runChild(FeatureRunner.java:135)


	at io.cucumber.junit.FeatureRunner.runChild(FeatureRunner.java:27)


	at org.junit.runners.ParentRunner$4.run(ParentRunner.java:331)


	at org.junit.runners.ParentRunner$1.schedule(ParentRunner.java:79)


	at org.junit.runners.ParentRunner.runChildren(ParentRunner.java:329)


	at org.junit.runners.ParentRunner.access$100(ParentRunner.java:66)


	at org.junit.runners.ParentRunner$2.evaluate(ParentRunner.java:293)


	at org.junit.runners.ParentRunner$3.evaluate(ParentRunner.java:306)


	at org.junit.runners.ParentRunner.run(ParentRunner.java:413)


	at io.cucumber.junit.CucumberSerenityRunner.runChild(CucumberSerenityRunner.java:258)


	at io.cucumber.junit.CucumberSerenityRunner.runChild(CucumberSerenityRunner.java:57)


	at org.junit.runners.ParentRunner$4.run(ParentRunner.java:331)


	at org.apache.maven.surefire.junitcore.pc.Scheduler$1.run(Scheduler.java:405)


	at org.apache.maven.surefire.junitcore.pc.InvokerStrategy.schedule(InvokerStrategy.java:54)


	at org.apache.maven.surefire.junitcore.pc.Scheduler.schedule(Scheduler.java:362)


	at org.junit.runners.ParentRunner.runChildren(ParentRunner.java:329)


	at org.junit.runners.ParentRunner.access$100(ParentRunner.java:66)


	at org.junit.runners.ParentRunner$2.evaluate(ParentRunner.java:293)


	at io.cucumber.junit.CucumberSerenityRunner$RunCucumber.evaluate(CucumberSerenityRunner.java:286)


	at org.junit.runners.ParentRunner$3.evaluate(ParentRunner.java:306)


	at org.junit.runners.ParentRunner.run(ParentRunner.java:413)


	at org.junit.runners.Suite.runChild(Suite.java:128)


	at org.junit.runners.Suite.runChild(Suite.java:27)


	at org.junit.runners.ParentRunner$4.run(ParentRunner.java:331)


	at org.apache.maven.surefire.junitcore.pc.Scheduler$1.run(Scheduler.java:405)


	at java.util.concurrent.Executors$RunnableAdapter.call(Executors.java:511)


	at java.util.concurrent.FutureTask.run(FutureTask.java:266)


	at java.util.concurrent.ThreadPoolExecutor.runWorker(ThreadPoolExecutor.java:1149)


	at java.util.concurrent.ThreadPoolExecutor$Worker.run(ThreadPoolExecutor.java:624)


	at java.lang.Thread.run(Thread.java:750)




java.lang.RuntimeException: Some exception during recording fields


	at net.serenitybdd.rest.filters.FieldsRecordingFilter.filter(FieldsRecordingFilter.java:52)


	at io.restassured.filter.Filter$filter.call(Unknown Source)


	at io.restassured.internal.filter.FilterContextImpl.next(FilterContextImpl.groovy:72)


	at io.restassured.filter.log.RequestLoggingFilter.filter(RequestLoggingFilter.java:140)


	at net.serenitybdd.rest.filters.FieldsRecordingFilter.filter(FieldsRecordingFilter.java:40)


	at io.restassured.filter.Filter$filter.call(Unknown Source)


	at io.restassured.internal.filter.FilterContextImpl.next(FilterContextImpl.groovy:72)


	at io.restassured.filter.log.RequestLoggingFilter.filter(RequestLoggingFilter.java:140)


	at net.serenitybdd.rest.filters.FieldsRecordingFilter.filter(FieldsRecordingFilter.java:40)


	at io.restassured.filter.Filter$filter.call(Unknown Source)


	at io.restassured.internal.filter.FilterContextImpl.next(FilterContextImpl.groovy:72)


	at io.restassured.filter.log.RequestLoggingFilter.filter(RequestLoggingFilter.java:140)


	at net.serenitybdd.rest.filters.FieldsRecordingFilter.filter(FieldsRecordingFilter.java:40)


	at io.restassured.filter.Filter$filter.call(Unknown Source)


	at io.restassured.internal.filter.FilterContextImpl.next(FilterContextImpl.groovy:72)


	at io.restassured.filter.log.RequestLoggingFilter.filter(RequestLoggingFilter.java:140)


	at net.serenitybdd.rest.filters.FieldsRecordingFilter.filter(FieldsRecordingFilter.java:40)


	at io.restassured.filter.Filter$filter.call(Unknown Source)


	at io.restassured.internal.filter.FilterContextImpl.next(FilterContextImpl.groovy:72)


	at io.restassured.filter.log.RequestLoggingFilter.filter(RequestLoggingFilter.java:140)


	at net.serenitybdd.rest.filters.FieldsRecordingFilter.filter(FieldsRecordingFilter.java:40)


	at io.restassured.filter.Filter$filter.call(Unknown Source)


	at org.codehaus.groovy.runtime.callsite.CallSiteArray.defaultCall(CallSiteArray.java:47)


	at io.restassured.filter.Filter$filter$0.call(Unknown Source)


	at io.restassured.internal.filter.FilterContextImpl.next(FilterContextImpl.groovy:72)


	at io.restassured.filter.FilterContext$next.call(Unknown Source)


	at io.restassured.internal.RequestSpecificationImpl.applyPathParamsAndSendRequest(RequestSpecificationImpl.groovy:1655)


	at sun.reflect.GeneratedMethodAccessor115.invoke(Unknown Source)


	at sun.reflect.DelegatingMethodAccessorImpl.invoke(DelegatingMethodAccessorImpl.java:43)


	at java.lang.reflect.Method.invoke(Method.java:498)


	at org.codehaus.groovy.reflection.CachedMethod.invoke(CachedMethod.java:107)


	at groovy.lang.MetaMethod.doMethodInvoke(MetaMethod.java:323)


	at groovy.lang.MetaClassImpl.invokeMethod(MetaClassImpl.java:1267)


	at groovy.lang.MetaClassImpl.invokeMethod(MetaClassImpl.java:1034)


	at groovy.lang.MetaClassImpl.invokeMethod(MetaClassImpl.java:818)


	at groovy.lang.GroovyObject.invokeMethod(GroovyObject.java:39)


	at org.codehaus.groovy.runtime.callsite.PogoInterceptableSite.call(PogoInterceptableSite.java:45)


	at org.codehaus.groovy.runtime.callsite.PogoInterceptableSite.callCurrent(PogoInterceptableSite.java:55)


	at org.codehaus.groovy.runtime.callsite.AbstractCallSite.callCurrent(AbstractCallSite.java:203)


	at io.restassured.internal.RequestSpecificationImpl.applyPathParamsAndSendRequest(RequestSpecificationImpl.groovy:1661)


	at sun.reflect.GeneratedMethodAccessor114.invoke(Unknown Source)


	at sun.reflect.DelegatingMethodAccessorImpl.invoke(DelegatingMethodAccessorImpl.java:43)


	at java.lang.reflect.Method.invoke(Method.java:498)


	at org.codehaus.groovy.reflection.CachedMethod.invoke(CachedMethod.java:107)


	at groovy.lang.MetaMethod.doMethodInvoke(MetaMethod.java:323)


	at groovy.lang.MetaClassImpl.invokeMethod(MetaClassImpl.java:1267)


	at groovy.lang.MetaClassImpl.invokeMethod(MetaClassImpl.java:1034)


	at groovy.lang.MetaClassImpl.invokeMethod(MetaClassImpl.java:818)


	at groovy.lang.GroovyObject.invokeMethod(GroovyObject.java:39)


	at org.codehaus.groovy.runtime.callsite.PogoInterceptableSite.call(PogoInterceptableSite.java:45)


	at org.codehaus.groovy.runtime.callsite.PogoInterceptableSite.callCurrent(PogoInterceptableSite.java:55)


	at org.codehaus.groovy.runtime.callsite.AbstractCallSite.callCurrent(AbstractCallSite.java:203)


	at io.restassured.internal.RequestSpecificationImpl.post(RequestSpecificationImpl.groovy:175)


	at net.serenitybdd.rest.decorators.request.RequestSpecificationDecorated.executeCall(RequestSpecificationDecorated.java:309)


	at net.serenitybdd.rest.decorators.request.RequestSpecificationDecorated.execute(RequestSpecificationDecorated.java:268)


	at net.serenitybdd.rest.decorators.request.RequestSpecificationDecorated.post(RequestSpecificationDecorated.java:120)


	at net.serenitybdd.rest.decorators.request.RequestSpecificationDecorated.post(RequestSpecificationDecorated.java:38)


	at MusicLab.StepDefinitions.Instrument.PostCreateInstrumentStepDef.sendPostCreateInstrument(PostCreateInstrumentStepDef.java:44)


	at ?.Send post create mentor instrument(classpath:features/Cucumber/Instrument/PostCreateInstrumentNegativeCase.feature:11)


Caused by: java.io.FileNotFoundException: D:\Alterra\Automation\API\MusicLab-QE-APITesting\src\test\resources\features\JSON\ReqBody\InstrumentValidPostCreateInstrumenJsonReqBody.json (The system cannot find the file specified)


	at java.io.FileInputStream.open0(Native Method)


	at java.io.FileInputStream.open(FileInputStream.java:195)


	at java.io.FileInputStream.<init>(FileInputStream.java:138)


	at org.codehaus.groovy.runtime.ResourceGroovyMethods.newReader(ResourceGroovyMethods.java:1797)


	at org.codehaus.groovy.runtime.ResourceGroovyMethods.getText(ResourceGroovyMethods.java:579)


	at org.codehaus.groovy.runtime.dgm$1042.invoke(Unknown Source)


	at org.codehaus.groovy.runtime.callsite.PojoMetaMethodSite$PojoMetaMethodSiteNoUnwrapNoCoerce.invoke(PojoMetaMethodSite.java:247)


	at org.codehaus.groovy.runtime.callsite.PojoMetaMethodSite.call(PojoMetaMethodSite.java:56)


	at org.codehaus.groovy.runtime.callsite.AbstractCallSite.call(AbstractCallSite.java:139)


	at io.restassured.internal.support.FileReader.readToString(FileReader.groovy:23)


	at io.restassured.internal.http.EncoderRegistry.toString(EncoderRegistry.java:461)


	at io.restassured.internal.http.EncoderRegistry.encodeJSON(EncoderRegistry.java:287)


	at sun.reflect.GeneratedMethodAccessor185.invoke(Unknown Source)


	at sun.reflect.DelegatingMethodAccessorImpl.invoke(DelegatingMethodAccessorImpl.java:43)


	at java.lang.reflect.Method.invoke(Method.java:498)


	at org.codehaus.groovy.reflection.CachedMethod.invoke(CachedMethod.java:107)


	at groovy.lang.MetaMethod.doMethodInvoke(MetaMethod.java:323)


	at groovy.lang.MetaClassImpl.invokeMethod(MetaClassImpl.java:1267)


	at groovy.lang.MetaClassImpl.invokeMethodClosure(MetaClassImpl.java:1047)


	at groovy.lang.MetaClassImpl.invokeMethod(MetaClassImpl.java:1141)


	at groovy.lang.MetaClassImpl.invokeMethod(MetaClassImpl.java:1034)


	at groovy.lang.Closure.call(Closure.java:412)


	at io.restassured.internal.http.HTTPBuilder$RequestConfigDelegate.setBody(HTTPBuilder.java:1114)


	at io.restassured.internal.http.HTTPBuilder$RequestConfigDelegate.setPropertiesFromMap(HTTPBuilder.java:1026)


	at io.restassured.internal.http.HTTPBuilder.post(HTTPBuilder.java:345)


	at io.restassured.internal.http.HTTPBuilder$post$2.call(Unknown Source)


	at io.restassured.internal.RequestSpecificationImpl.sendRequest(RequestSpecificationImpl.groovy:1181)


	at sun.reflect.GeneratedMethodAccessor121.invoke(Unknown Source)


	at sun.reflect.DelegatingMethodAccessorImpl.invoke(DelegatingMethodAccessorImpl.java:43)


	at java.lang.reflect.Method.invoke(Method.java:498)


	at org.codehaus.groovy.reflection.CachedMethod.invoke(CachedMethod.java:107)


	at groovy.lang.MetaMethod.doMethodInvoke(MetaMethod.java:323)


	at groovy.lang.MetaClassImpl.invokeMethod(MetaClassImpl.java:1267)


	at groovy.lang.MetaClassImpl.invokeMethod(MetaClassImpl.java:1034)


	at groovy.lang.MetaClassImpl.invokeMethod(MetaClassImpl.java:818)


	at groovy.lang.GroovyObject.invokeMethod(GroovyObject.java:39)


	at org.codehaus.groovy.runtime.callsite.PogoInterceptableSite.call(PogoInterceptableSite.java:45)


	at org.codehaus.groovy.runtime.callsite.AbstractCallSite.call(AbstractCallSite.java:166)


	at io.restassured.internal.filter.SendRequestFilter.filter(SendRequestFilter.groovy:30)


	at io.restassured.filter.Filter$filter$0.call(Unknown Source)


	at org.codehaus.groovy.runtime.callsite.CallSiteArray.defaultCall(CallSiteArray.java:47)


	at io.restassured.filter.Filter$filter.call(Unknown Source)


	at io.restassured.internal.filter.FilterContextImpl.next(FilterContextImpl.groovy:72)


	at io.restassured.filter.time.TimingFilter.filter(TimingFilter.java:56)


	at io.restassured.filter.Filter$filter.call(Unknown Source)


	at org.codehaus.groovy.runtime.callsite.CallSiteArray.defaultCall(CallSiteArray.java:47)


	at io.restassured.filter.Filter$filter.call(Unknown Source)


	at io.restassured.internal.filter.FilterContextImpl.next(FilterContextImpl.groovy:72)


	at io.restassured.filter.log.RequestLoggingFilter.filter(RequestLoggingFilter.java:140)


	at net.serenitybdd.rest.filters.FieldsRecordingFilter.filter(FieldsRecordingFilter.java:40)


	at io.restassured.filter.Filter$filter.call(Unknown Source)


	at io.restassured.internal.filter.FilterContextImpl.next(FilterContextImpl.groovy:72)


	at io.restassured.filter.log.RequestLoggingFilter.filter(RequestLoggingFilter.java:140)


	at net.serenitybdd.rest.filters.FieldsRecordingFilter.filter(FieldsRecordingFilter.java:40)


	at io.restassured.filter.Filter$filter.call(Unknown Source)


	at io.restassured.internal.filter.FilterContextImpl.next(FilterContextImpl.groovy:72)


	at io.restassured.filter.log.RequestLoggingFilter.filter(RequestLoggingFilter.java:140)


	at net.serenitybdd.rest.filters.FieldsRecordingFilter.filter(FieldsRecordingFilter.java:40)


	at io.restassured.filter.Filter$filter.call(Unknown Source)


	at io.restassured.internal.filter.FilterContextImpl.next(FilterContextImpl.groovy:72)


	at io.restassured.filter.log.RequestLoggingFilter.filter(RequestLoggingFilter.java:140)


	at net.serenitybdd.rest.filters.FieldsRecordingFilter.filter(FieldsRecordingFilter.java:40)


	at io.restassured.filter.Filter$filter.call(Unknown Source)


	at io.restassured.internal.filter.FilterContextImpl.next(FilterContextImpl.groovy:72)


	at io.restassured.filter.log.RequestLoggingFilter.filter(RequestLoggingFilter.java:140)


	at net.serenitybdd.rest.filters.FieldsRecordingFilter.filter(FieldsRecordingFilter.java:40)


	at io.restassured.filter.Filter$filter.call(Unknown Source)


	at io.restassured.internal.filter.FilterContextImpl.next(FilterContextImpl.groovy:72)


	at io.restassured.filter.log.RequestLoggingFilter.filter(RequestLoggingFilter.java:140)


	at net.serenitybdd.rest.filters.FieldsRecordingFilter.filter(FieldsRecordingFilter.java:40)


	at io.restassured.filter.Filter$filter.call(Unknown Source)


	at org.codehaus.groovy.runtime.callsite.CallSiteArray.defaultCall(CallSiteArray.java:47)


	at io.restassured.filter.Filter$filter$0.call(Unknown Source)


	at io.restassured.internal.filter.FilterContextImpl.next(FilterContextImpl.groovy:72)


	at io.restassured.filter.FilterContext$next.call(Unknown Source)


	at io.restassured.internal.RequestSpecificationImpl.applyPathParamsAndSendRequest(RequestSpecificationImpl.groovy:1655)


	at sun.reflect.GeneratedMethodAccessor115.invoke(Unknown Source)


	at sun.reflect.DelegatingMethodAccessorImpl.invoke(DelegatingMethodAccessorImpl.java:43)


	at java.lang.reflect.Method.invoke(Method.java:498)


	at org.codehaus.groovy.reflection.CachedMethod.invoke(CachedMethod.java:107)


	at groovy.lang.MetaMethod.doMethodInvoke(MetaMethod.java:323)


	at groovy.lang.MetaClassImpl.invokeMethod(MetaClassImpl.java:1267)


	at groovy.lang.MetaClassImpl.invokeMethod(MetaClassImpl.java:1034)


	at groovy.lang.MetaClassImpl.invokeMethod(MetaClassImpl.java:818)


	at groovy.lang.GroovyObject.invokeMethod(GroovyObject.java:39)


	at org.codehaus.groovy.runtime.callsite.PogoInterceptableSite.call(PogoInterceptableSite.java:45)


	at org.codehaus.groovy.runtime.callsite.PogoInterceptableSite.callCurrent(PogoInterceptableSite.java:55)


	at org.codehaus.groovy.runtime.callsite.AbstractCallSite.callCurrent(AbstractCallSite.java:203)


	at io.restassured.internal.RequestSpecificationImpl.applyPathParamsAndSendRequest(RequestSpecificationImpl.groovy:1661)


	at sun.reflect.GeneratedMethodAccessor114.invoke(Unknown Source)


	at sun.reflect.DelegatingMethodAccessorImpl.invoke(DelegatingMethodAccessorImpl.java:43)


	at java.lang.reflect.Method.invoke(Method.java:498)


	at org.codehaus.groovy.reflection.CachedMethod.invoke(CachedMethod.java:107)


	at groovy.lang.MetaMethod.doMethodInvoke(MetaMethod.java:323)


	at groovy.lang.MetaClassImpl.invokeMethod(MetaClassImpl.java:1267)


	at groovy.lang.MetaClassImpl.invokeMethod(MetaClassImpl.java:1034)


	at groovy.lang.MetaClassImpl.invokeMethod(MetaClassImpl.java:818)


	at groovy.lang.GroovyObject.invokeMethod(GroovyObject.java:39)


	at org.codehaus.groovy.runtime.callsite.PogoInterceptableSite.call(PogoInterceptableSite.java:45)


	at org.codehaus.groovy.runtime.callsite.PogoInterceptableSite.callCurrent(PogoInterceptableSite.java:55)


	at org.codehaus.groovy.runtime.callsite.AbstractCallSite.callCurrent(AbstractCallSite.java:203)


	at io.restassured.internal.RequestSpecificationImpl.post(RequestSpecificationImpl.groovy:175)


	at net.serenitybdd.rest.decorators.request.RequestSpecificationDecorated.executeCall(RequestSpecificationDecorated.java:309)


	at net.serenitybdd.rest.decorators.request.RequestSpecificationDecorated.execute(RequestSpecificationDecorated.java:268)


	at net.serenitybdd.rest.decorators.request.RequestSpecificationDecorated.post(RequestSpecificationDecorated.java:120)


	at net.serenitybdd.rest.decorators.request.RequestSpecificationDecorated.post(RequestSpecificationDecorated.java:38)


	at MusicLab.StepDefinitions.Instrument.PostCreateInstrumentStepDef.sendPostCreateInstrument(PostCreateInstrumentStepDef.java:44)


	at sun.reflect.NativeMethodAccessorImpl.invoke0(Native Method)


	at sun.reflect.NativeMethodAccessorImpl.invoke(NativeMethodAccessorImpl.java:62)


	at sun.reflect.DelegatingMethodAccessorImpl.invoke(DelegatingMethodAccessorImpl.java:43)


	at java.lang.reflect.Method.invoke(Method.java:498)


	at io.cucumber.java.Invoker.doInvoke(Invoker.java:66)


	at io.cucumber.java.Invoker.invoke(Invoker.java:24)


	at io.cucumber.java.AbstractGlueDefinition.invokeMethod(AbstractGlueDefinition.java:47)


	at io.cucumber.java.JavaStepDefinition.execute(JavaStepDefinition.java:29)


	at io.cucumber.core.runner.CoreStepDefinition.execute(CoreStepDefinition.java:66)


	at io.cucumber.core.runner.PickleStepDefinitionMatch.runStep(PickleStepDefinitionMatch.java:63)


	at io.cucumber.core.runner.ExecutionMode$1.execute(ExecutionMode.java:10)


	at io.cucumber.core.runner.TestStep.executeStep(TestStep.java:92)


	at io.cucumber.core.runner.TestStep.run(TestStep.java:64)


	at io.cucumber.core.runner.PickleStepTestStep.run(PickleStepTestStep.java:51)


	at io.cucumber.core.runner.TestCase.run(TestCase.java:104)


	at io.cucumber.core.runner.Runner.runPickle(Runner.java:73)


	at io.cucumber.junit.PickleRunners$NoStepDescriptions.run(PickleRunners.java:151)


	at io.cucumber.junit.FeatureRunner.runChild(FeatureRunner.java:135)


	at io.cucumber.junit.FeatureRunner.runChild(FeatureRunner.java:27)


	at org.junit.runners.ParentRunner$4.run(ParentRunner.java:331)


	at org.junit.runners.ParentRunner$1.schedule(ParentRunner.java:79)


	at org.junit.runners.ParentRunner.runChildren(ParentRunner.java:329)


	at org.junit.runners.ParentRunner.access$100(ParentRunner.java:66)


	at org.junit.runners.ParentRunner$2.evaluate(ParentRunner.java:293)


	at org.junit.runners.ParentRunner$3.evaluate(ParentRunner.java:306)


	at org.junit.runners.ParentRunner.run(ParentRunner.java:413)


	at io.cucumber.junit.CucumberSerenityRunner.runChild(CucumberSerenityRunner.java:258)


	at io.cucumber.junit.CucumberSerenityRunner.runChild(CucumberSerenityRunner.java:57)


	at org.junit.runners.ParentRunner$4.run(ParentRunner.java:331)


	at org.apache.maven.surefire.junitcore.pc.Scheduler$1.run(Scheduler.java:405)


	at org.apache.maven.surefire.junitcore.pc.InvokerStrategy.schedule(InvokerStrategy.java:54)


	at org.apache.maven.surefire.junitcore.pc.Scheduler.schedule(Scheduler.java:362)


	at org.junit.runners.ParentRunner.runChildren(ParentRunner.java:329)


	at org.junit.runners.ParentRunner.access$100(ParentRunner.java:66)


	at org.junit.runners.ParentRunner$2.evaluate(ParentRunner.java:293)


	at io.cucumber.junit.CucumberSerenityRunner$RunCucumber.evaluate(CucumberSerenityRunner.java:286)


	at org.junit.runners.ParentRunner$3.evaluate(ParentRunner.java:306)


	at org.junit.runners.ParentRunner.run(ParentRunner.java:413)


	at org.junit.runners.Suite.runChild(Suite.java:128)


	at org.junit.runners.Suite.runChild(Suite.java:27)


	at org.junit.runners.ParentRunner$4.run(ParentRunner.java:331)


	at org.apache.maven.surefire.junitcore.pc.Scheduler$1.run(Scheduler.java:405)


	at java.util.concurrent.Executors$RunnableAdapter.call(Executors.java:511)


	at java.util.concurrent.FutureTask.run(FutureTask.java:266)


	at java.util.concurrent.ThreadPoolExecutor.runWorker(ThreadPoolExecutor.java:1149)


	at java.util.concurrent.ThreadPoolExecutor$Worker.run(ThreadPoolExecutor.java:624)


	at java.lang.Thread.run(Thread.java:750)




java.lang.RuntimeException: Some exception during recording fields


	at net.serenitybdd.rest.filters.FieldsRecordingFilter.filter(FieldsRecordingFilter.java:52)


	at io.restassured.filter.Filter$filter.call(Unknown Source)


	at io.restassured.internal.filter.FilterContextImpl.next(FilterContextImpl.groovy:72)


	at io.restassured.filter.log.RequestLoggingFilter.filter(RequestLoggingFilter.java:140)


	at net.serenitybdd.rest.filters.FieldsRecordingFilter.filter(FieldsRecordingFilter.java:40)


	at io.restassured.filter.Filter$filter.call(Unknown Source)


	at io.restassured.internal.filter.FilterContextImpl.next(FilterContextImpl.groovy:72)


	at io.restassured.filter.log.RequestLoggingFilter.filter(RequestLoggingFilter.java:140)


	at net.serenitybdd.rest.filters.FieldsRecordingFilter.filter(FieldsRecordingFilter.java:40)


	at io.restassured.filter.Filter$filter.call(Unknown Source)


	at io.restassured.internal.filter.FilterContextImpl.next(FilterContextImpl.groovy:72)


	at io.restassured.filter.log.RequestLoggingFilter.filter(RequestLoggingFilter.java:140)


	at net.serenitybdd.rest.filters.FieldsRecordingFilter.filter(FieldsRecordingFilter.java:40)


	at io.restassured.filter.Filter$filter.call(Unknown Source)


	at io.restassured.internal.filter.FilterContextImpl.next(FilterContextImpl.groovy:72)


	at io.restassured.filter.log.RequestLoggingFilter.filter(RequestLoggingFilter.java:140)


	at net.serenitybdd.rest.filters.FieldsRecordingFilter.filter(FieldsRecordingFilter.java:40)


	at io.restassured.filter.Filter$filter.call(Unknown Source)


	at io.restassured.internal.filter.FilterContextImpl.next(FilterContextImpl.groovy:72)


	at io.restassured.filter.log.RequestLoggingFilter.filter(RequestLoggingFilter.java:140)


	at net.serenitybdd.rest.filters.FieldsRecordingFilter.filter(FieldsRecordingFilter.java:40)


	at io.restassured.filter.Filter$filter.call(Unknown Source)


	at org.codehaus.groovy.runtime.callsite.CallSiteArray.defaultCall(CallSiteArray.java:47)


	at io.restassured.filter.Filter$filter$0.call(Unknown Source)


	at io.restassured.internal.filter.FilterContextImpl.next(FilterContextImpl.groovy:72)


	at io.restassured.filter.FilterContext$next.call(Unknown Source)


	at io.restassured.internal.RequestSpecificationImpl.applyPathParamsAndSendRequest(RequestSpecificationImpl.groovy:1655)


	at sun.reflect.GeneratedMethodAccessor115.invoke(Unknown Source)


	at sun.reflect.DelegatingMethodAccessorImpl.invoke(DelegatingMethodAccessorImpl.java:43)


	at java.lang.reflect.Method.invoke(Method.java:498)


	at org.codehaus.groovy.reflection.CachedMethod.invoke(CachedMethod.java:107)


	at groovy.lang.MetaMethod.doMethodInvoke(MetaMethod.java:323)


	at groovy.lang.MetaClassImpl.invokeMethod(MetaClassImpl.java:1267)


	at groovy.lang.MetaClassImpl.invokeMethod(MetaClassImpl.java:1034)


	at groovy.lang.MetaClassImpl.invokeMethod(MetaClassImpl.java:818)


	at groovy.lang.GroovyObject.invokeMethod(GroovyObject.java:39)


	at org.codehaus.groovy.runtime.callsite.PogoInterceptableSite.call(PogoInterceptableSite.java:45)


	at org.codehaus.groovy.runtime.callsite.PogoInterceptableSite.callCurrent(PogoInterceptableSite.java:55)


	at org.codehaus.groovy.runtime.callsite.AbstractCallSite.callCurrent(AbstractCallSite.java:203)


	at io.restassured.internal.RequestSpecificationImpl.applyPathParamsAndSendRequest(RequestSpecificationImpl.groovy:1661)


	at sun.reflect.GeneratedMethodAccessor114.invoke(Unknown Source)


	at sun.reflect.DelegatingMethodAccessorImpl.invoke(DelegatingMethodAccessorImpl.java:43)


	at java.lang.reflect.Method.invoke(Method.java:498)


	at org.codehaus.groovy.reflection.CachedMethod.invoke(CachedMethod.java:107)


	at groovy.lang.MetaMethod.doMethodInvoke(MetaMethod.java:323)


	at groovy.lang.MetaClassImpl.invokeMethod(MetaClassImpl.java:1267)


	at groovy.lang.MetaClassImpl.invokeMethod(MetaClassImpl.java:1034)


	at groovy.lang.MetaClassImpl.invokeMethod(MetaClassImpl.java:818)


	at groovy.lang.GroovyObject.invokeMethod(GroovyObject.java:39)


	at org.codehaus.groovy.runtime.callsite.PogoInterceptableSite.call(PogoInterceptableSite.java:45)


	at org.codehaus.groovy.runtime.callsite.PogoInterceptableSite.callCurrent(PogoInterceptableSite.java:55)


	at org.codehaus.groovy.runtime.callsite.AbstractCallSite.callCurrent(AbstractCallSite.java:203)


	at io.restassured.internal.RequestSpecificationImpl.post(RequestSpecificationImpl.groovy:175)


	at net.serenitybdd.rest.decorators.request.RequestSpecificationDecorated.executeCall(RequestSpecificationDecorated.java:309)


	at net.serenitybdd.rest.decorators.request.RequestSpecificationDecorated.execute(RequestSpecificationDecorated.java:268)


	at net.serenitybdd.rest.decorators.request.RequestSpecificationDecorated.post(RequestSpecificationDecorated.java:120)


	at net.serenitybdd.rest.decorators.request.RequestSpecificationDecorated.post(RequestSpecificationDecorated.java:38)


	at MusicLab.StepDefinitions.Instrument.PostCreateInstrumentStepDef.sendPostCreateInstrument(PostCreateInstrumentStepDef.java:44)


	at ?.Send post create mentor instrument(classpath:features/Cucumber/Instrument/PostCreateInstrumentPositiveCase.feature:6)


Caused by: java.io.FileNotFoundException: D:\Alterra\Automation\API\MusicLab-QE-APITesting\src\test\resources\features\JSON\ReqBody\InstrumentValidPostCreateInstrumenJsonReqBody.json (The system cannot find the file specified)


	at java.io.FileInputStream.open0(Native Method)


	at java.io.FileInputStream.open(FileInputStream.java:195)


	at java.io.FileInputStream.<init>(FileInputStream.java:138)


	at org.codehaus.groovy.runtime.ResourceGroovyMethods.newReader(ResourceGroovyMethods.java:1797)


	at org.codehaus.groovy.runtime.ResourceGroovyMethods.getText(ResourceGroovyMethods.java:579)


	at org.codehaus.groovy.runtime.dgm$1042.invoke(Unknown Source)


	at org.codehaus.groovy.runtime.callsite.PojoMetaMethodSite$PojoMetaMethodSiteNoUnwrapNoCoerce.invoke(PojoMetaMethodSite.java:247)


	at org.codehaus.groovy.runtime.callsite.PojoMetaMethodSite.call(PojoMetaMethodSite.java:56)


	at org.codehaus.groovy.runtime.callsite.AbstractCallSite.call(AbstractCallSite.java:139)


	at io.restassured.internal.support.FileReader.readToString(FileReader.groovy:23)


	at io.restassured.internal.http.EncoderRegistry.toString(EncoderRegistry.java:461)


	at io.restassured.internal.http.EncoderRegistry.encodeJSON(EncoderRegistry.java:287)


	at sun.reflect.GeneratedMethodAccessor185.invoke(Unknown Source)


	at sun.reflect.DelegatingMethodAccessorImpl.invoke(DelegatingMethodAccessorImpl.java:43)


	at java.lang.reflect.Method.invoke(Method.java:498)


	at org.codehaus.groovy.reflection.CachedMethod.invoke(CachedMethod.java:107)


	at groovy.lang.MetaMethod.doMethodInvoke(MetaMethod.java:323)


	at groovy.lang.MetaClassImpl.invokeMethod(MetaClassImpl.java:1267)


	at groovy.lang.MetaClassImpl.invokeMethodClosure(MetaClassImpl.java:1047)


	at groovy.lang.MetaClassImpl.invokeMethod(MetaClassImpl.java:1141)


	at groovy.lang.MetaClassImpl.invokeMethod(MetaClassImpl.java:1034)


	at groovy.lang.Closure.call(Closure.java:412)


	at io.restassured.internal.http.HTTPBuilder$RequestConfigDelegate.setBody(HTTPBuilder.java:1114)


	at io.restassured.internal.http.HTTPBuilder$RequestConfigDelegate.setPropertiesFromMap(HTTPBuilder.java:1026)


	at io.restassured.internal.http.HTTPBuilder.post(HTTPBuilder.java:345)


	at io.restassured.internal.http.HTTPBuilder$post$2.call(Unknown Source)


	at io.restassured.internal.RequestSpecificationImpl.sendRequest(RequestSpecificationImpl.groovy:1181)


	at sun.reflect.GeneratedMethodAccessor121.invoke(Unknown Source)


	at sun.reflect.DelegatingMethodAccessorImpl.invoke(DelegatingMethodAccessorImpl.java:43)


	at java.lang.reflect.Method.invoke(Method.java:498)


	at org.codehaus.groovy.reflection.CachedMethod.invoke(CachedMethod.java:107)


	at groovy.lang.MetaMethod.doMethodInvoke(MetaMethod.java:323)


	at groovy.lang.MetaClassImpl.invokeMethod(MetaClassImpl.java:1267)


	at groovy.lang.MetaClassImpl.invokeMethod(MetaClassImpl.java:1034)


	at groovy.lang.MetaClassImpl.invokeMethod(MetaClassImpl.java:818)


	at groovy.lang.GroovyObject.invokeMethod(GroovyObject.java:39)


	at org.codehaus.groovy.runtime.callsite.PogoInterceptableSite.call(PogoInterceptableSite.java:45)


	at org.codehaus.groovy.runtime.callsite.AbstractCallSite.call(AbstractCallSite.java:166)


	at io.restassured.internal.filter.SendRequestFilter.filter(SendRequestFilter.groovy:30)


	at io.restassured.filter.Filter$filter$0.call(Unknown Source)


	at org.codehaus.groovy.runtime.callsite.CallSiteArray.defaultCall(CallSiteArray.java:47)


	at io.restassured.filter.Filter$filter.call(Unknown Source)


	at io.restassured.internal.filter.FilterContextImpl.next(FilterContextImpl.groovy:72)


	at io.restassured.filter.time.TimingFilter.filter(TimingFilter.java:56)


	at io.restassured.filter.Filter$filter.call(Unknown Source)


	at org.codehaus.groovy.runtime.callsite.CallSiteArray.defaultCall(CallSiteArray.java:47)


	at io.restassured.filter.Filter$filter.call(Unknown Source)


	at io.restassured.internal.filter.FilterContextImpl.next(FilterContextImpl.groovy:72)


	at io.restassured.filter.log.RequestLoggingFilter.filter(RequestLoggingFilter.java:140)


	at net.serenitybdd.rest.filters.FieldsRecordingFilter.filter(FieldsRecordingFilter.java:40)


	at io.restassured.filter.Filter$filter.call(Unknown Source)


	at io.restassured.internal.filter.FilterContextImpl.next(FilterContextImpl.groovy:72)


	at io.restassured.filter.log.RequestLoggingFilter.filter(RequestLoggingFilter.java:140)


	at net.serenitybdd.rest.filters.FieldsRecordingFilter.filter(FieldsRecordingFilter.java:40)


	at io.restassured.filter.Filter$filter.call(Unknown Source)


	at io.restassured.internal.filter.FilterContextImpl.next(FilterContextImpl.groovy:72)


	at io.restassured.filter.log.RequestLoggingFilter.filter(RequestLoggingFilter.java:140)


	at net.serenitybdd.rest.filters.FieldsRecordingFilter.filter(FieldsRecordingFilter.java:40)


	at io.restassured.filter.Filter$filter.call(Unknown Source)


	at io.restassured.internal.filter.FilterContextImpl.next(FilterContextImpl.groovy:72)


	at io.restassured.filter.log.RequestLoggingFilter.filter(RequestLoggingFilter.java:140)


	at net.serenitybdd.rest.filters.FieldsRecordingFilter.filter(FieldsRecordingFilter.java:40)


	at io.restassured.filter.Filter$filter.call(Unknown Source)


	at io.restassured.internal.filter.FilterContextImpl.next(FilterContextImpl.groovy:72)


	at io.restassured.filter.log.RequestLoggingFilter.filter(RequestLoggingFilter.java:140)


	at net.serenitybdd.rest.filters.FieldsRecordingFilter.filter(FieldsRecordingFilter.java:40)


	at io.restassured.filter.Filter$filter.call(Unknown Source)


	at io.restassured.internal.filter.FilterContextImpl.next(FilterContextImpl.groovy:72)


	at io.restassured.filter.log.RequestLoggingFilter.filter(RequestLoggingFilter.java:140)


	at net.serenitybdd.rest.filters.FieldsRecordingFilter.filter(FieldsRecordingFilter.java:40)


	at io.restassured.filter.Filter$filter.call(Unknown Source)


	at org.codehaus.groovy.runtime.callsite.CallSiteArray.defaultCall(CallSiteArray.java:47)


	at io.restassured.filter.Filter$filter$0.call(Unknown Source)


	at io.restassured.internal.filter.FilterContextImpl.next(FilterContextImpl.groovy:72)


	at io.restassured.filter.FilterContext$next.call(Unknown Source)


	at io.restassured.internal.RequestSpecificationImpl.applyPathParamsAndSendRequest(RequestSpecificationImpl.groovy:1655)


	at sun.reflect.GeneratedMethodAccessor115.invoke(Unknown Source)


	at sun.reflect.DelegatingMethodAccessorImpl.invoke(DelegatingMethodAccessorImpl.java:43)


	at java.lang.reflect.Method.invoke(Method.java:498)


	at org.codehaus.groovy.reflection.CachedMethod.invoke(CachedMethod.java:107)


	at groovy.lang.MetaMethod.doMethodInvoke(MetaMethod.java:323)


	at groovy.lang.MetaClassImpl.invokeMethod(MetaClassImpl.java:1267)


	at groovy.lang.MetaClassImpl.invokeMethod(MetaClassImpl.java:1034)


	at groovy.lang.MetaClassImpl.invokeMethod(MetaClassImpl.java:818)


	at groovy.lang.GroovyObject.invokeMethod(GroovyObject.java:39)


	at org.codehaus.groovy.runtime.callsite.PogoInterceptableSite.call(PogoInterceptableSite.java:45)


	at org.codehaus.groovy.runtime.callsite.PogoInterceptableSite.callCurrent(PogoInterceptableSite.java:55)


	at org.codehaus.groovy.runtime.callsite.AbstractCallSite.callCurrent(AbstractCallSite.java:203)


	at io.restassured.internal.RequestSpecificationImpl.applyPathParamsAndSendRequest(RequestSpecificationImpl.groovy:1661)


	at sun.reflect.GeneratedMethodAccessor114.invoke(Unknown Source)


	at sun.reflect.DelegatingMethodAccessorImpl.invoke(DelegatingMethodAccessorImpl.java:43)


	at java.lang.reflect.Method.invoke(Method.java:498)


	at org.codehaus.groovy.reflection.CachedMethod.invoke(CachedMethod.java:107)


	at groovy.lang.MetaMethod.doMethodInvoke(MetaMethod.java:323)


	at groovy.lang.MetaClassImpl.invokeMethod(MetaClassImpl.java:1267)


	at groovy.lang.MetaClassImpl.invokeMethod(MetaClassImpl.java:1034)


	at groovy.lang.MetaClassImpl.invokeMethod(MetaClassImpl.java:818)


	at groovy.lang.GroovyObject.invokeMethod(GroovyObject.java:39)


	at org.codehaus.groovy.runtime.callsite.PogoInterceptableSite.call(PogoInterceptableSite.java:45)


	at org.codehaus.groovy.runtime.callsite.PogoInterceptableSite.callCurrent(PogoInterceptableSite.java:55)


	at org.codehaus.groovy.runtime.callsite.AbstractCallSite.callCurrent(AbstractCallSite.java:203)


	at io.restassured.internal.RequestSpecificationImpl.post(RequestSpecificationImpl.groovy:175)


	at net.serenitybdd.rest.decorators.request.RequestSpecificationDecorated.executeCall(RequestSpecificationDecorated.java:309)


	at net.serenitybdd.rest.decorators.request.RequestSpecificationDecorated.execute(RequestSpecificationDecorated.java:268)


	at net.serenitybdd.rest.decorators.request.RequestSpecificationDecorated.post(RequestSpecificationDecorated.java:120)


	at net.serenitybdd.rest.decorators.request.RequestSpecificationDecorated.post(RequestSpecificationDecorated.java:38)


	at MusicLab.StepDefinitions.Instrument.PostCreateInstrumentStepDef.sendPostCreateInstrument(PostCreateInstrumentStepDef.java:44)


	at sun.reflect.NativeMethodAccessorImpl.invoke0(Native Method)


	at sun.reflect.NativeMethodAccessorImpl.invoke(NativeMethodAccessorImpl.java:62)


	at sun.reflect.DelegatingMethodAccessorImpl.invoke(DelegatingMethodAccessorImpl.java:43)


	at java.lang.reflect.Method.invoke(Method.java:498)


	at io.cucumber.java.Invoker.doInvoke(Invoker.java:66)


	at io.cucumber.java.Invoker.invoke(Invoker.java:24)


	at io.cucumber.java.AbstractGlueDefinition.invokeMethod(AbstractGlueDefinition.java:47)


	at io.cucumber.java.JavaStepDefinition.execute(JavaStepDefinition.java:29)


	at io.cucumber.core.runner.CoreStepDefinition.execute(CoreStepDefinition.java:66)


	at io.cucumber.core.runner.PickleStepDefinitionMatch.runStep(PickleStepDefinitionMatch.java:63)


	at io.cucumber.core.runner.ExecutionMode$1.execute(ExecutionMode.java:10)


	at io.cucumber.core.runner.TestStep.executeStep(TestStep.java:92)


	at io.cucumber.core.runner.TestStep.run(TestStep.java:64)


	at io.cucumber.core.runner.PickleStepTestStep.run(PickleStepTestStep.java:51)


	at io.cucumber.core.runner.TestCase.run(TestCase.java:104)


	at io.cucumber.core.runner.Runner.runPickle(Runner.java:73)


	at io.cucumber.junit.PickleRunners$NoStepDescriptions.run(PickleRunners.java:151)


	at io.cucumber.junit.FeatureRunner.runChild(FeatureRunner.java:135)


	at io.cucumber.junit.FeatureRunner.runChild(FeatureRunner.java:27)


	at org.junit.runners.ParentRunner$4.run(ParentRunner.java:331)


	at org.junit.runners.ParentRunner$1.schedule(ParentRunner.java:79)


	at org.junit.runners.ParentRunner.runChildren(ParentRunner.java:329)


	at org.junit.runners.ParentRunner.access$100(ParentRunner.java:66)


	at org.junit.runners.ParentRunner$2.evaluate(ParentRunner.java:293)


	at org.junit.runners.ParentRunner$3.evaluate(ParentRunner.java:306)


	at org.junit.runners.ParentRunner.run(ParentRunner.java:413)


	at io.cucumber.junit.CucumberSerenityRunner.runChild(CucumberSerenityRunner.java:258)


	at io.cucumber.junit.CucumberSerenityRunner.runChild(CucumberSerenityRunner.java:57)


	at org.junit.runners.ParentRunner$4.run(ParentRunner.java:331)


	at org.apache.maven.surefire.junitcore.pc.Scheduler$1.run(Scheduler.java:405)


	at org.apache.maven.surefire.junitcore.pc.InvokerStrategy.schedule(InvokerStrategy.java:54)


	at org.apache.maven.surefire.junitcore.pc.Scheduler.schedule(Scheduler.java:362)


	at org.junit.runners.ParentRunner.runChildren(ParentRunner.java:329)


	at org.junit.runners.ParentRunner.access$100(ParentRunner.java:66)


	at org.junit.runners.ParentRunner$2.evaluate(ParentRunner.java:293)


	at io.cucumber.junit.CucumberSerenityRunner$RunCucumber.evaluate(CucumberSerenityRunner.java:286)


	at org.junit.runners.ParentRunner$3.evaluate(ParentRunner.java:306)


	at org.junit.runners.ParentRunner.run(ParentRunner.java:413)


	at org.junit.runners.Suite.runChild(Suite.java:128)


	at org.junit.runners.Suite.runChild(Suite.java:27)


	at org.junit.runners.ParentRunner$4.run(ParentRunner.java:331)


	at org.apache.maven.surefire.junitcore.pc.Scheduler$1.run(Scheduler.java:405)


	at java.util.concurrent.Executors$RunnableAdapter.call(Executors.java:511)


	at java.util.concurrent.FutureTask.run(FutureTask.java:266)


	at java.util.concurrent.ThreadPoolExecutor.runWorker(ThreadPoolExecutor.java:1149)


	at java.util.concurrent.ThreadPoolExecutor$Worker.run(ThreadPoolExecutor.java:624)


	at java.lang.Thread.run(Thread.java:750)




java.lang.AssertionError: 1 expectation failed.
Expected status code <404> but was <400>.



	at sun.reflect.NativeConstructorAccessorImpl.newInstance0(Native Method)


	at sun.reflect.NativeConstructorAccessorImpl.newInstance(NativeConstructorAccessorImpl.java:62)


	at sun.reflect.DelegatingConstructorAccessorImpl.newInstance(DelegatingConstructorAccessorImpl.java:45)


	at java.lang.reflect.Constructor.newInstance(Constructor.java:423)


	at org.codehaus.groovy.reflection.CachedConstructor.invoke(CachedConstructor.java:72)


	at org.codehaus.groovy.reflection.CachedConstructor.doConstructorInvoke(CachedConstructor.java:59)


	at org.codehaus.groovy.runtime.callsite.ConstructorSite$ConstructorSiteNoUnwrap.callConstructor(ConstructorSite.java:84)


	at org.codehaus.groovy.runtime.callsite.AbstractCallSite.callConstructor(AbstractCallSite.java:277)


	at io.restassured.internal.ResponseSpecificationImpl$HamcrestAssertionClosure.validate(ResponseSpecificationImpl.groovy:493)


	at io.restassured.internal.ResponseSpecificationImpl$HamcrestAssertionClosure$validate$1.call(Unknown Source)


	at io.restassured.internal.ResponseSpecificationImpl.validateResponseIfRequired(ResponseSpecificationImpl.groovy:674)


	at sun.reflect.GeneratedMethodAccessor72.invoke(Unknown Source)


	at sun.reflect.DelegatingMethodAccessorImpl.invoke(DelegatingMethodAccessorImpl.java:43)


	at java.lang.reflect.Method.invoke(Method.java:498)


	at org.codehaus.groovy.runtime.callsite.PlainObjectMetaMethodSite.doInvoke(PlainObjectMetaMethodSite.java:43)


	at org.codehaus.groovy.runtime.callsite.PogoMetaMethodSite$PogoCachedMethodSiteNoUnwrapNoCoerce.invoke(PogoMetaMethodSite.java:193)


	at org.codehaus.groovy.runtime.callsite.PogoMetaMethodSite.callCurrent(PogoMetaMethodSite.java:61)


	at org.codehaus.groovy.runtime.callsite.AbstractCallSite.callCurrent(AbstractCallSite.java:185)


	at io.restassured.internal.ResponseSpecificationImpl.statusCode(ResponseSpecificationImpl.groovy:126)


	at io.restassured.specification.ResponseSpecification$statusCode$0.callCurrent(Unknown Source)


	at io.restassured.internal.ResponseSpecificationImpl.statusCode(ResponseSpecificationImpl.groovy:134)


	at io.restassured.internal.ValidatableResponseOptionsImpl.statusCode(ValidatableResponseOptionsImpl.java:89)


	at io.restassured.internal.ValidatableResponseImpl.super$2$statusCode(ValidatableResponseImpl.groovy)


	at sun.reflect.GeneratedMethodAccessor169.invoke(Unknown Source)


	at sun.reflect.DelegatingMethodAccessorImpl.invoke(DelegatingMethodAccessorImpl.java:43)


	at java.lang.reflect.Method.invoke(Method.java:498)


	at org.codehaus.groovy.reflection.CachedMethod.invoke(CachedMethod.java:107)


	at groovy.lang.MetaMethod.doMethodInvoke(MetaMethod.java:323)


	at groovy.lang.MetaClassImpl.invokeMethod(MetaClassImpl.java:1267)


	at org.codehaus.groovy.runtime.ScriptBytecodeAdapter.invokeMethodOnSuperN(ScriptBytecodeAdapter.java:144)


	at io.restassured.internal.ValidatableResponseImpl.statusCode(ValidatableResponseImpl.groovy:142)


	at io.restassured.internal.ValidatableResponseImpl.statusCode(ValidatableResponseImpl.groovy)


	at MusicLab.StepDefinitions.Instrument.DeleteInstrumentStepDef.statusCodeShouldBeNotFound(DeleteInstrumentStepDef.java:54)


	at ?.Status code should be 404 Not Found -Mentors_Instruments(classpath:features/Cucumber/Instrument/Z_DeleteInstrumentNegativeCase.feature:12)




io.cucumber.core.exception.CucumberException: Step [Delete instrument with blank ID {}] is defined with 0 parameters at 'MusicLab.StepDefinitions.Instrument.DeleteInstrumentStepDef.deleteInstrumentWithBlankId()'.
However, the gherkin step has 1 arguments:
 * blank
Step text: Delete instrument with blank ID blank


	at io.cucumber.core.runner.PickleStepDefinitionMatch.arityMismatch(PickleStepDefinitionMatch.java:83)


	at io.cucumber.core.runner.PickleStepDefinitionMatch.runStep(PickleStepDefinitionMatch.java:42)


	at io.cucumber.core.runner.ExecutionMode$1.execute(ExecutionMode.java:10)


	at io.cucumber.core.runner.TestStep.executeStep(TestStep.java:92)


	at io.cucumber.core.runner.TestStep.run(TestStep.java:64)


	at io.cucumber.core.runner.PickleStepTestStep.run(PickleStepTestStep.java:51)


	at io.cucumber.core.runner.TestCase.run(TestCase.java:104)


	at io.cucumber.core.runner.Runner.runPickle(Runner.java:73)


	at io.cucumber.junit.PickleRunners$NoStepDescriptions.run(PickleRunners.java:151)


	at io.cucumber.junit.FeatureRunner.runChild(FeatureRunner.java:135)


	at io.cucumber.junit.FeatureRunner.runChild(FeatureRunner.java:27)


	at org.junit.runners.ParentRunner$4.run(ParentRunner.java:331)


	at org.junit.runners.ParentRunner$1.schedule(ParentRunner.java:79)


	at org.junit.runners.ParentRunner.runChildren(ParentRunner.java:329)


	at org.junit.runners.ParentRunner.access$100(ParentRunner.java:66)


	at org.junit.runners.ParentRunner$2.evaluate(ParentRunner.java:293)


	at org.junit.runners.ParentRunner$3.evaluate(ParentRunner.java:306)


	at org.junit.runners.ParentRunner.run(ParentRunner.java:413)


	at io.cucumber.junit.CucumberSerenityRunner.runChild(CucumberSerenityRunner.java:258)


	at io.cucumber.junit.CucumberSerenityRunner.runChild(CucumberSerenityRunner.java:57)


	at org.junit.runners.ParentRunner$4.run(ParentRunner.java:331)


	at org.apache.maven.surefire.junitcore.pc.Scheduler$1.run(Scheduler.java:405)


	at org.apache.maven.surefire.junitcore.pc.InvokerStrategy.schedule(InvokerStrategy.java:54)


	at org.apache.maven.surefire.junitcore.pc.Scheduler.schedule(Scheduler.java:362)


	at org.junit.runners.ParentRunner.runChildren(ParentRunner.java:329)


	at org.junit.runners.ParentRunner.access$100(ParentRunner.java:66)


	at org.junit.runners.ParentRunner$2.evaluate(ParentRunner.java:293)


	at io.cucumber.junit.CucumberSerenityRunner$RunCucumber.evaluate(CucumberSerenityRunner.java:286)


	at org.junit.runners.ParentRunner$3.evaluate(ParentRunner.java:306)


	at org.junit.runners.ParentRunner.run(ParentRunner.java:413)


	at org.junit.runners.Suite.runChild(Suite.java:128)


	at org.junit.runners.Suite.runChild(Suite.java:27)


	at org.junit.runners.ParentRunner$4.run(ParentRunner.java:331)


	at org.apache.maven.surefire.junitcore.pc.Scheduler$1.run(Scheduler.java:405)


	at java.util.concurrent.Executors$RunnableAdapter.call(Executors.java:511)


	at java.util.concurrent.FutureTask.run(FutureTask.java:266)


	at java.util.concurrent.ThreadPoolExecutor.runWorker(ThreadPoolExecutor.java:1149)


	at java.util.concurrent.ThreadPoolExecutor$Worker.run(ThreadPoolExecutor.java:624)


	at java.lang.Thread.run(Thread.java:750)




java.lang.AssertionError: 1 expectation failed.
Expected status code <400> but was <200>.



	at sun.reflect.NativeConstructorAccessorImpl.newInstance0(Native Method)


	at sun.reflect.NativeConstructorAccessorImpl.newInstance(NativeConstructorAccessorImpl.java:62)


	at sun.reflect.DelegatingConstructorAccessorImpl.newInstance(DelegatingConstructorAccessorImpl.java:45)


	at java.lang.reflect.Constructor.newInstance(Constructor.java:423)


	at org.codehaus.groovy.reflection.CachedConstructor.invoke(CachedConstructor.java:72)


	at org.codehaus.groovy.reflection.CachedConstructor.doConstructorInvoke(CachedConstructor.java:59)


	at org.codehaus.groovy.runtime.callsite.ConstructorSite$ConstructorSiteNoUnwrap.callConstructor(ConstructorSite.java:84)


	at org.codehaus.groovy.runtime.callsite.AbstractCallSite.callConstructor(AbstractCallSite.java:277)


	at io.restassured.internal.ResponseSpecificationImpl$HamcrestAssertionClosure.validate(ResponseSpecificationImpl.groovy:493)


	at io.restassured.internal.ResponseSpecificationImpl$HamcrestAssertionClosure$validate$1.call(Unknown Source)


	at io.restassured.internal.ResponseSpecificationImpl.validateResponseIfRequired(ResponseSpecificationImpl.groovy:674)


	at sun.reflect.GeneratedMethodAccessor72.invoke(Unknown Source)


	at sun.reflect.DelegatingMethodAccessorImpl.invoke(DelegatingMethodAccessorImpl.java:43)


	at java.lang.reflect.Method.invoke(Method.java:498)


[...]

09:15:27.978 [pool-4-thread-1] INFO net.thucydides.core.reports.ReportService - net.thucydides.core.reports.html.HtmlAcceptanceTestReporter@6e2a159b: Generating report for test outcome: Post Create Transaction:Create transaction with invalid path

09:15:27.979 [pool-4-thread-10] DEBUG net.thucydides.core.requirements.BaseRequirementsService - Requirement found for test outcome Create transaction without request body-[]: Optional[Requirement{name='Post Create Transaction', type='feature' parent = 'Transaction', cardNumber='null'}]

09:15:27.979 [pool-4-thread-2] DEBUG net.thucydides.core.requirements.BaseRequirementsService - Requirement found for test outcome Create transaction with 1 parameter only-[]: Optional[Requirement{name='Post Create Transaction', type='feature' parent = 'Transaction', cardNumber='null'}]

09:15:27.979 [pool-4-thread-10] DEBUG net.thucydides.core.requirements.BaseRequirementsService - Requirement found for test outcome Create transaction without request body-[]: Optional[Requirement{name='Post Create Transaction', type='feature' parent = 'Transaction', cardNumber='null'}]

09:15:27.979 [pool-4-thread-1] DEBUG net.thucydides.core.requirements.BaseRequirementsService - Requirement found for test outcome Create transaction with invalid path-[]: Optional[Requirement{name='Post Create Transaction', type='feature' parent = 'Transaction', cardNumber='null'}]

09:15:27.981 [pool-4-thread-3] DEBUG serenity.reporting - Generated report 3648b533c38dedc1fa2e87379c99c482a841e2cc5e73e4ac6c359fc9c19ed6a6.html in 14 ms

09:15:27.983 [pool-4-thread-3] DEBUG net.thucydides.core.reports.ReportService - Processing test outcome Get Mentor Transaction:Get mentor transaction with valid path done

09:15:27.984 [pool-4-thread-8] DEBUG serenity.reporting - Generated report 24e168d7197caeff2950d8f38d9025d99b3db97e2697d3774a612d97a108d8ee.html in 18 ms

09:15:27.984 [pool-4-thread-7] DEBUG serenity.reporting - Generated report 59c57d3d3f26ff86c88562d3cc1307e9323eab162cb1f671accc4db16f9ab992.html in 12 ms

09:15:27.984 [pool-4-thread-7] DEBUG net.thucydides.core.reports.ReportService - Processing test outcome Post Create Transaction:Create transaction with blank or empty parameter on json request body done

09:15:27.984 [pool-4-thread-8] DEBUG net.thucydides.core.reports.ReportService - Processing test outcome Post Create Transaction:Create transaction with invalid parameter schedule_id on json request body done

09:15:27.984 [pool-4-thread-1] DEBUG net.thucydides.core.requirements.BaseRequirementsService - Requirement found for test outcome Create transaction with invalid path-[]: Optional[Requirement{name='Post Create Transaction', type='feature' parent = 'Transaction', cardNumber='null'}]

09:15:27.985 [pool-4-thread-10] DEBUG serenity.reporting - Generating report in c90adcda588db5cb6efc97317c9213f889abfdea1fd2819cad42adab2d0d72ac.html

09:15:27.985 [pool-4-thread-1] DEBUG serenity.reporting - Generating report in c97415aadc54e4e66343b20e9d16fed77a51a841a981117dcf6d4a6ff6e9a0fc.html

09:15:27.985 [pool-4-thread-2] DEBUG serenity.reporting - Generating report in 16eafe329f355dcedd3f93023b40e806f264cb6aacd05836d4f2bca66662a741.html

09:15:27.985 [pool-4-thread-12] DEBUG serenity.reporting - Generated report acd455dbb4eb3175183e4d98205e69da811f541e0fb2b4f23016bf47a96c88ab.html in 42 ms

09:15:27.986 [pool-4-thread-12] DEBUG net.thucydides.core.reports.ReportService - Processing test outcome MusicLab API Automation Testing Capstone Project:Put or edit student password with valid parameters done

09:15:27.985 [pool-4-thread-5] DEBUG serenity.reporting - Generated report 2e7666b846382dccaffafefcfa47f552d033df0c07592a7e1c04931c6a1d46ad.html in 32 ms

09:15:27.986 [pool-4-thread-5] DEBUG net.thucydides.core.reports.ReportService - Processing test outcome Music Lab API Automation Testing:Post add mentor schedule availability with valid json no authorization done

09:15:27.986 [pool-4-thread-11] DEBUG serenity.reporting - Generated report 3a5ac90ae10a5bfa3f1c3cad02785142a175258e70f8801de24a0102a7a36cfd.html in 9 ms

09:15:27.986 [pool-4-thread-11] DEBUG net.thucydides.core.reports.ReportService - Processing test outcome Post Create Transaction:Create transaction with invalid parameter start_date on json request body done

09:15:27.986 [pool-4-thread-4] DEBUG serenity.reporting - Generated report bca522b548b0835973d97c18c4090a3f299ab80fcc2793f7f045892e98d258cf.html in 37 ms

09:15:27.986 [pool-4-thread-4] DEBUG net.thucydides.core.reports.ReportService - Processing test outcome Get Student Transaction:Get student transaction with valid path done

09:15:27.989 [pool-4-thread-6] DEBUG serenity.reporting - Generated report af6402a0ad42fae8086d6a98c1c6613b8174492089db55666d65061b44738514.html in 16 ms

09:15:27.989 [pool-4-thread-9] DEBUG serenity.reporting - Generated report 39f3ecd21a6684f8dcad9cd31960a688973f06c0523af14ad11278914d0461ff.html in 57 ms

09:15:27.990 [pool-4-thread-6] DEBUG net.thucydides.core.reports.ReportService - Processing test outcome Post Create Transaction:Create transaction with extra parameter on json request body done

09:15:27.990 [pool-4-thread-9] DEBUG net.thucydides.core.reports.ReportService - Processing test outcome MusicLab API Automation Testing Capstone Project:Put or edit student profile with valid parameters done

09:15:27.996 [pool-4-thread-10] DEBUG serenity.reporting - Generated report c90adcda588db5cb6efc97317c9213f889abfdea1fd2819cad42adab2d0d72ac.html in 11 ms

09:15:27.997 [pool-4-thread-10] DEBUG net.thucydides.core.reports.ReportService - Processing test outcome Post Create Transaction:Create transaction without request body done

09:15:27.996 [pool-4-thread-2] DEBUG serenity.reporting - Generated report 16eafe329f355dcedd3f93023b40e806f264cb6aacd05836d4f2bca66662a741.html in 11 ms

09:15:27.998 [pool-4-thread-2] DEBUG net.thucydides.core.reports.ReportService - Processing test outcome Post Create Transaction:Create transaction with 1 parameter only done

09:15:27.999 [pool-4-thread-1] DEBUG serenity.reporting - Generated report c97415aadc54e4e66343b20e9d16fed77a51a841a981117dcf6d4a6ff6e9a0fc.html in 14 ms

09:15:27.999 [pool-4-thread-1] DEBUG net.thucydides.core.reports.ReportService - Processing test outcome Post Create Transaction:Create transaction with invalid path done

09:15:27.999 [pool-2-thread-1] DEBUG net.thucydides.core.reports.ReportService - Shutting down executor service

09:15:28.000 [pool-2-thread-1] DEBUG net.thucydides.core.reports.ReportService - Reports generated in: 2813 ms

09:15:28.229 [pool-2-thread-1] INFO io.cucumber.core.plugin.SerenityReporter - Cleanup test resources for URI classpath:features/Cucumber/Auth/LoginMentor.feature

09:15:28.231 [pool-2-thread-1] INFO io.cucumber.core.plugin.SerenityReporter - Cleanup test resources for URI classpath:features/Cucumber/Auth/LoginStudent.feature

09:15:28.231 [pool-2-thread-1] INFO io.cucumber.core.plugin.SerenityReporter - Cleanup test resources for URI classpath:features/Cucumber/Auth/RegisterMentor.feature

09:15:28.231 [pool-2-thread-1] INFO io.cucumber.core.plugin.SerenityReporter - Cleanup test resources for URI classpath:features/Cucumber/Auth/RegisterStudent.feature

09:15:28.232 [pool-2-thread-1] INFO io.cucumber.core.plugin.SerenityReporter - Cleanup test resources for URI classpath:features/Cucumber/Chat/GetChatMessage.feature

09:15:28.232 [pool-2-thread-1] INFO io.cucumber.core.plugin.SerenityReporter - Cleanup test resources for URI classpath:features/Cucumber/Chat/GetInboxList.feature

09:15:28.233 [pool-2-thread-1] INFO io.cucumber.core.plugin.SerenityReporter - Cleanup test resources for URI classpath:features/Cucumber/Chat/PostCreateMessage.feature

09:15:28.233 [pool-2-thread-1] INFO io.cucumber.core.plugin.SerenityReporter - Cleanup test resources for URI classpath:features/Cucumber/Class/ClassFeature.feature

09:15:28.234 [pool-2-thread-1] INFO io.cucumber.core.plugin.SerenityReporter - Cleanup test resources for URI classpath:features/Cucumber/Genre/DeleteGenre.feature

09:15:28.234 [pool-2-thread-1] INFO io.cucumber.core.plugin.SerenityReporter - Cleanup test resources for URI classpath:features/Cucumber/Genre/GetGenre.feature

09:15:28.234 [pool-2-thread-1] INFO io.cucumber.core.plugin.SerenityReporter - Cleanup test resources for URI classpath:features/Cucumber/Genre/GetMentorGenre.feature

09:15:28.235 [pool-2-thread-1] INFO io.cucumber.core.plugin.SerenityReporter - Cleanup test resources for URI classpath:features/Cucumber/Genre/PostMentorGenre.feature

09:15:28.236 [pool-2-thread-1] INFO io.cucumber.core.plugin.SerenityReporter - Cleanup test resources for URI classpath:features/Cucumber/Instrument/GetAllListInstrumentPositiveCase.feature

09:15:28.237 [pool-2-thread-1] INFO io.cucumber.core.plugin.SerenityReporter - Cleanup test resources for URI classpath:features/Cucumber/Instrument/GetSingleListInstrumentNegativeCase.feature

09:15:28.237 [pool-2-thread-1] INFO io.cucumber.core.plugin.SerenityReporter - Cleanup test resources for URI classpath:features/Cucumber/Instrument/GetSingleListInstrumentPositiveCase.feature

09:15:28.238 [pool-2-thread-1] INFO io.cucumber.core.plugin.SerenityReporter - Cleanup test resources for URI classpath:features/Cucumber/Instrument/PostCreateInstrumentNegativeCase.feature

09:15:28.239 [pool-2-thread-1] INFO io.cucumber.core.plugin.SerenityReporter - Cleanup test resources for URI classpath:features/Cucumber/Instrument/PostCreateInstrumentPositiveCase.feature

09:15:28.240 [pool-2-thread-1] INFO io.cucumber.core.plugin.SerenityReporter - Cleanup test resources for URI classpath:features/Cucumber/Instrument/Z_DeleteInstrumentNegativeCase.feature

09:15:28.241 [pool-2-thread-1] INFO io.cucumber.core.plugin.SerenityReporter - Cleanup test resources for URI classpath:features/Cucumber/Instrument/Z_DeleteInstrumentPositiveCase.feature

09:15:28.242 [pool-2-thread-1] INFO io.cucumber.core.plugin.SerenityReporter - Cleanup test resources for URI classpath:features/Cucumber/Mentor/GetAllListMentorNegativeCase.feature

09:15:28.242 [pool-2-thread-1] INFO io.cucumber.core.plugin.SerenityReporter - Cleanup test resources for URI classpath:features/Cucumber/Mentor/GetAllListMentorPositiveCase.feature

09:15:28.243 [pool-2-thread-1] INFO io.cucumber.core.plugin.SerenityReporter - Cleanup test resources for URI classpath:features/Cucumber/Mentor/GetSingleMentorNegativeCase.feature

09:15:28.243 [pool-2-thread-1] INFO io.cucumber.core.plugin.SerenityReporter - Cleanup test resources for URI classpath:features/Cucumber/Mentor/GetSingleMentorPositiveCase.feature

09:15:28.243 [pool-2-thread-1] INFO io.cucumber.core.plugin.SerenityReporter - Cleanup test resources for URI classpath:features/Cucumber/Mentor/PostCreateMentorCredentialNegativeCase.feature

09:15:28.244 [pool-2-thread-1] INFO io.cucumber.core.plugin.SerenityReporter - Cleanup test resources for URI classpath:features/Cucumber/Mentor/PostCreateMentorCredentialPositiveCase.feature

09:15:28.245 [pool-2-thread-1] INFO io.cucumber.core.plugin.SerenityReporter - Cleanup test resources for URI classpath:features/Cucumber/Mentor/PutUpdatePasswordMentorNegativeCase.feature

09:15:28.245 [pool-2-thread-1] INFO io.cucumber.core.plugin.SerenityReporter - Cleanup test resources for URI classpath:features/Cucumber/Mentor/PutUpdatePasswordMentorPositiveCase.feature

09:15:28.246 [pool-2-thread-1] INFO io.cucumber.core.plugin.SerenityReporter - Cleanup test resources for URI classpath:features/Cucumber/Mentor/PutUpdateProfileMentorNegativeCase.feature

09:15:28.247 [pool-2-thread-1] INFO io.cucumber.core.plugin.SerenityReporter - Cleanup test resources for URI classpath:features/Cucumber/Mentor/PutUpdateProfileMentorPositiveCase.feature

09:15:28.247 [pool-2-thread-1] INFO io.cucumber.core.plugin.SerenityReporter - Cleanup test resources for URI classpath:features/Cucumber/Mentor/Z_DeleteMentorNegativeCase.feature

09:15:28.248 [pool-2-thread-1] INFO io.cucumber.core.plugin.SerenityReporter - Cleanup test resources for URI classpath:features/Cucumber/Mentor/Z_DeleteMentorPositiveCase.feature

09:15:28.250 [pool-2-thread-1] INFO io.cucumber.core.plugin.SerenityReporter - Cleanup test resources for URI classpath:features/Cucumber/Review/GetReviewMentor.feature

09:15:28.251 [pool-2-thread-1] INFO io.cucumber.core.plugin.SerenityReporter - Cleanup test resources for URI classpath:features/Cucumber/Review/PostCreateReviewInvalid.feature

09:15:28.253 [pool-2-thread-1] INFO io.cucumber.core.plugin.SerenityReporter - Cleanup test resources for URI classpath:features/Cucumber/Review/PostCreateReviewValid.feature

09:15:28.254 [pool-2-thread-1] INFO io.cucumber.core.plugin.SerenityReporter - Cleanup test resources for URI classpath:features/Cucumber/Schedule/DeleteMentorSchedule.feature

09:15:28.254 [pool-2-thread-1] INFO io.cucumber.core.plugin.SerenityReporter - Cleanup test resources for URI classpath:features/Cucumber/Schedule/GetMentorSchedule.feature

09:15:28.255 [pool-2-thread-1] INFO io.cucumber.core.plugin.SerenityReporter - Cleanup test resources for URI classpath:features/Cucumber/Schedule/PostAddMentorSchedule.feature

09:15:28.257 [pool-2-thread-1] INFO io.cucumber.core.plugin.SerenityReporter - Cleanup test resources for URI classpath:features/Cucumber/Schedule/PostAddMentorsSchedulesAvailability.feature

09:15:28.258 [pool-2-thread-1] INFO io.cucumber.core.plugin.SerenityReporter - Cleanup test resources for URI classpath:features/Cucumber/Student/StudentFeature.feature

09:15:28.258 [pool-2-thread-1] INFO io.cucumber.core.plugin.SerenityReporter - Cleanup test resources for URI classpath:features/Cucumber/Transaction/GetMentorTransaction.feature

09:15:28.259 [pool-2-thread-1] INFO io.cucumber.core.plugin.SerenityReporter - Cleanup test resources for URI classpath:features/Cucumber/Transaction/GetStudentTransaction.feature

09:15:28.259 [pool-2-thread-1] INFO io.cucumber.core.plugin.SerenityReporter - Cleanup test resources for URI classpath:features/Cucumber/Transaction/PostCreateTransaction.feature


@PutMentorPassword @FeatureInstrument @BilalProject @Capstone @PutMentorPasswordPositiveCase
Scenario: [Positive Case] Put Update Mentors Password With Valid JSON &amp#27;[90m# features/Cucumber/Mentor/PutUpdatePasswordMentorPositiveCase.feature:4&amp#27;[0m
09:14:52.210 [pool-2-thread-1] INFO io.cucumber.core.plugin.SerenityReporter - Running feature from classpath:features/Cucumber/Mentor/PutUpdatePasswordMentorPositiveCase.feature
09:14:52.211 [pool-2-thread-1] INFO  - 
  _____   ___   ___   _____     ___   _____     _     ___   _____   ___   ___  
 |_   _| | __| / __| |_   _|   / __| |_   _|   /_\   | _ \ |_   _| | __| |   \ 
   | |   | _|  \__ \   | |     \__ \   | |    / _ \  |   /   | |   | _|  | |) |
   |_|   |___| |___/   |_|     |___/   |_|   /_/ \_\ |_|_\   |_|   |___| |___/ 

[Positive Case] Put Update Mentors Password With Valid JSON([musiclab-api]-put-feature-mentors;[positive-case]-put-update-mentors-password-with-valid-json)
--------------------------------------------------------------------------------
09:14:52.218 [pool-2-thread-1] DEBUG net.thucydides.core.steps.StepInterceptor - STARTING STEP: PutUpdateMentorsStepDef.putUpdateMentorsPasswordValidJson - Put Update Mentors Password with Valid JSON
09:14:52.219 [pool-2-thread-1] DEBUG net.thucydides.core.steps.StepInterceptor - STEP DONE: Put Update Mentors Password with Valid JSON
  &amp#27;[32mGiven &amp#27;[0m&amp#27;[32mPut update mentors password with valid json&amp#27;[0m                   &amp#27;[90m# MusicLab.StepDefinitions.Mentor.PutUpdateMentorsStepDef.putUpdateMentorsPasswordValidJson()&amp#27;[0m
  &amp#27;[32mWhen &amp#27;[0m&amp#27;[32mSend put update mentors Password&amp#27;[0m                               &amp#27;[90m# MusicLab.StepDefinitions.Mentor.PutUpdateMentorsStepDef.sendPutUpdateMentorsPassword()&amp#27;[0m
  &amp#27;[31mThen &amp#27;[0m&amp#27;[31mStatus code should be &amp#27;[0m&amp#27;[31m&amp#27;[1m200&amp#27;[0m&amp#27;[31m OK -Mentors_Instruments&amp#27;[0m              &amp#27;[90m# MusicLab.StepDefinitions.Instrument.GetIntrumentStepDef.statusCodeShouldBeOK(int)&amp#27;[0m
      &amp#27;[31mjava.lang.AssertionError: 1 expectation failed.
Expected status code <200> but was <400>.

	at sun.reflect.NativeConstructorAccessorImpl.newInstance0(Native Method)
	at sun.reflect.NativeConstructorAccessorImpl.newInstance(NativeConstructorAccessorImpl.java:62)
	at sun.reflect.DelegatingConstructorAccessorImpl.newInstance(DelegatingConstructorAccessorImpl.java:45)
	at java.lang.reflect.Constructor.newInstance(Constructor.java:423)
	at org.codehaus.groovy.reflection.CachedConstructor.invoke(CachedConstructor.java:72)
	at org.codehaus.groovy.reflection.CachedConstructor.doConstructorInvoke(CachedConstructor.java:59)
	at org.codehaus.groovy.runtime.callsite.ConstructorSite$ConstructorSiteNoUnwrap.callConstructor(ConstructorSite.java:84)
	at org.codehaus.groovy.runtime.callsite.AbstractCallSite.callConstructor(AbstractCallSite.java:277)
	at io.restassured.internal.ResponseSpecificationImpl$HamcrestAssertionClosure.validate(ResponseSpecificationImpl.groovy:493)
	at io.restassured.internal.ResponseSpecificationImpl$HamcrestAssertionClosure$validate$1.call(Unknown Source)
	at io.restassured.internal.ResponseSpecificationImpl.validateResponseIfRequired(ResponseSpecificationImpl.groovy:674)
	at sun.reflect.GeneratedMethodAccessor72.invoke(Unknown Source)
	at sun.reflect.DelegatingMethodAccessorImpl.invoke(DelegatingMethodAccessorImpl.java:43)
	at java.lang.reflect.Method.invoke(Method.java:498)
	at org.codehaus.groovy.runtime.callsite.PlainObjectMetaMethodSite.doInvoke(PlainObjectMetaMethodSite.java:43)
	at org.codehaus.groovy.runtime.callsite.PogoMetaMethodSite$PogoCachedMethodSiteNoUnwrapNoCoerce.invoke(PogoMetaMethodSite.java:193)
	at org.codehaus.groovy.runtime.callsite.PogoMetaMethodSite.callCurrent(PogoMetaMethodSite.java:61)
	at org.codehaus.groovy.runtime.callsite.AbstractCallSite.callCurrent(AbstractCallSite.java:185)
	at io.restassured.internal.ResponseSpecificationImpl.statusCode(ResponseSpecificationImpl.groovy:126)
	at io.restassured.specification.ResponseSpecification$statusCode$0.callCurrent(Unknown Source)
	at io.restassured.internal.ResponseSpecificationImpl.statusCode(ResponseSpecificationImpl.groovy:134)
	at io.restassured.internal.ValidatableResponseOptionsImpl.statusCode(ValidatableResponseOptionsImpl.java:89)
	at io.restassured.internal.ValidatableResponseImpl.super$2$statusCode(ValidatableResponseImpl.groovy)
	at sun.reflect.GeneratedMethodAccessor169.invoke(Unknown Source)
	at sun.reflect.DelegatingMethodAccessorImpl.invoke(DelegatingMethodAccessorImpl.java:43)
	at java.lang.reflect.Method.invoke(Method.java:498)
	at org.codehaus.groovy.reflection.CachedMethod.invoke(CachedMethod.java:107)
	at groovy.lang.MetaMethod.doMethodInvoke(MetaMethod.java:323)
	at groovy.lang.MetaClassImpl.invokeMethod(MetaClassImpl.java:1267)
	at org.codehaus.groovy.runtime.ScriptBytecodeAdapter.invokeMethodOnSuperN(ScriptBytecodeAdapter.java:144)
	at io.restassured.internal.ValidatableResponseImpl.statusCode(ValidatableResponseImpl.groovy:142)
	at io.restassured.internal.ValidatableResponseImpl.statusCode(ValidatableResponseImpl.groovy)
	at MusicLab.StepDefinitions.Instrument.GetIntrumentStepDef.statusCodeShouldBeOK(GetIntrumentStepDef.java:52)
	at âœ½.Status code should be 200 OK -Mentors_Instruments(classpath:features/Cucumber/Mentor/PutUpdatePasswordMentorPositiveCase.feature:7)
&amp#27;[0m
  &amp#27;[36mAnd &amp#27;[0m&amp#27;[36mValidate update mentors password json schema&amp#27;[0m                    &amp#27;[90m# MusicLab.StepDefinitions.Mentor.PutUpdateMentorsStepDef.validatePutUpdateMentorPasswordJsonSchema()&amp#27;[0m
]]></system-out>
  </testcase>
</testsuite>