<?xml version="1.0" encoding="UTF-8"?><testsuite errors="0" failures="0" name="Post Create Transaction" skipped="0" tests="9" time="5.21" timestamp="2023-04-04 09:49:20"><testcase name="Create transaction with valid parameter on json request body"/><testcase name="Create transaction with invalid parameter class_id on json request body"/><testcase name="Create transaction with invalid parameter schedule_id on json request body"/><testcase name="Create transaction with invalid parameter start_date on json request body"/><testcase name="Create transaction with blank or empty parameter on json request body"/><testcase name="Create transaction with extra parameter on json request body"/><testcase name="Create transaction with 1 parameter only"/><testcase name="Create transaction without request body"/><testcase name="Create transaction with invalid path"/></testsuite>