<?xml version="1.0" encoding="UTF-8"?><testsuite errors="0" failures="1" name="[MusicLab-API] Delete Feature Mentors" skipped="0" tests="2" time="0.85" timestamp="2023-04-04 09:48:46"><testcase name="[Positive Case] Delete Mentors Without Authorized"/><testcase name="[Positive Case] Delete Mentors With Authorized"><failure message="1 expectation failed.&#10;Expected status code &lt;200&gt; but was &lt;500&gt;.&#10;" type="java.lang.AssertionError">1 expectation failed.
Expected status code &lt;200&gt; but was &lt;500&gt;.
</failure><system-err>1 expectation failed.
Expected status code &lt;200&gt; but was &lt;500&gt;.
&#13;
io.restassured.internal.ResponseSpecificationImpl.validateResponseIfRequired(ResponseSpecificationImpl.groovy:674)&#13;
io.restassured.internal.ResponseSpecificationImpl.statusCode(ResponseSpecificationImpl.groovy:126)&#13;
io.restassured.internal.ResponseSpecificationImpl.statusCode(ResponseSpecificationImpl.groovy:134)&#13;
io.restassured.internal.ValidatableResponseOptionsImpl.statusCode(ValidatableResponseOptionsImpl.java:89)&#13;
io.restassured.internal.ValidatableResponseImpl.super$2$statusCode(ValidatableResponseImpl.groovy)&#13;
groovy.lang.MetaMethod.doMethodInvoke(MetaMethod.java:323)&#13;
groovy.lang.MetaClassImpl.invokeMethod(MetaClassImpl.java:1267)&#13;
io.restassured.internal.ValidatableResponseImpl.statusCode(ValidatableResponseImpl.groovy:142)&#13;
io.restassured.internal.ValidatableResponseImpl.statusCode(ValidatableResponseImpl.groovy)&#13;
MusicLab.StepDefinitions.Instrument.GetIntrumentStepDef.statusCodeShouldBeOK(GetIntrumentStepDef.java:52)&#13;
✽.Status code should be 200 OK(classpath:features/Cucumber/Mentor/DeleteMentorPositiveCase.feature:7)&#13;
</system-err></testcase></testsuite>